DEB [20170216-18:12:35.927] thr=1   paramiko.transport: starting thread (client mode): 0x3a9c690L
DEB [20170216-18:12:35.928] thr=1   paramiko.transport: Local version/idstring: SSH-2.0-paramiko_2.1.1
DEB [20170216-18:12:35.947] thr=1   paramiko.transport: Remote version/idstring: SSH-2.0-OpenSSH_6.6.1
INF [20170216-18:12:35.947] thr=1   paramiko.transport: Connected (version 2.0, client OpenSSH_6.6.1)
DEB [20170216-18:12:35.950] thr=1   paramiko.transport: kex algos:[u'curve25519-sha256@libssh.org', u'ecdh-sha2-nistp256', u'ecdh-sha2-nistp384', u'ecdh-sha2-nistp521', u'diffie-hellman-group-exchange-sha256', u'diffie-hellman-group-exchange-sha1', u'diffie-hellman-group14-sha1', u'diffie-hellman-group1-sha1'] server key:[u'ssh-rsa', u'ecdsa-sha2-nistp256', u'ssh-ed25519'] client encrypt:[u'aes128-ctr', u'aes192-ctr', u'aes256-ctr', u'arcfour256', u'arcfour128', u'aes128-gcm@openssh.com', u'aes256-gcm@openssh.com', u'chacha20-poly1305@openssh.com', u'aes128-cbc', u'3des-cbc', u'blowfish-cbc', u'cast128-cbc', u'aes192-cbc', u'aes256-cbc', u'arcfour', u'rijndael-cbc@lysator.liu.se'] server encrypt:[u'aes128-ctr', u'aes192-ctr', u'aes256-ctr', u'arcfour256', u'arcfour128', u'aes128-gcm@openssh.com', u'aes256-gcm@openssh.com', u'chacha20-poly1305@openssh.com', u'aes128-cbc', u'3des-cbc', u'blowfish-cbc', u'cast128-cbc', u'aes192-cbc', u'aes256-cbc', u'arcfour', u'rijndael-cbc@lysator.liu.se'] client mac:[u'hmac-md5-etm@openssh.com', u'hmac-sha1-etm@openssh.com', u'umac-64-etm@openssh.com', u'umac-128-etm@openssh.com', u'hmac-sha2-256-etm@openssh.com', u'hmac-sha2-512-etm@openssh.com', u'hmac-ripemd160-etm@openssh.com', u'hmac-sha1-96-etm@openssh.com', u'hmac-md5-96-etm@openssh.com', u'hmac-md5', u'hmac-sha1', u'umac-64@openssh.com', u'umac-128@openssh.com', u'hmac-sha2-256', u'hmac-sha2-512', u'hmac-ripemd160', u'hmac-ripemd160@openssh.com', u'hmac-sha1-96', u'hmac-md5-96'] server mac:[u'hmac-md5-etm@openssh.com', u'hmac-sha1-etm@openssh.com', u'umac-64-etm@openssh.com', u'umac-128-etm@openssh.com', u'hmac-sha2-256-etm@openssh.com', u'hmac-sha2-512-etm@openssh.com', u'hmac-ripemd160-etm@openssh.com', u'hmac-sha1-96-etm@openssh.com', u'hmac-md5-96-etm@openssh.com', u'hmac-md5', u'hmac-sha1', u'umac-64@openssh.com', u'umac-128@openssh.com', u'hmac-sha2-256', u'hmac-sha2-512', u'hmac-ripemd160', u'hmac-ripemd160@openssh.com', u'hmac-sha1-96', u'hmac-md5-96'] client compress:[u'none', u'zlib@openssh.com'] server compress:[u'none', u'zlib@openssh.com'] client lang:[u''] server lang:[u''] kex follows?False
DEB [20170216-18:12:35.950] thr=1   paramiko.transport: Kex agreed: diffie-hellman-group1-sha1
DEB [20170216-18:12:35.950] thr=1   paramiko.transport: Cipher agreed: aes128-ctr
DEB [20170216-18:12:35.950] thr=1   paramiko.transport: MAC agreed: hmac-sha2-256
DEB [20170216-18:12:35.950] thr=1   paramiko.transport: Compression agreed: none
DEB [20170216-18:12:36.499] thr=1   paramiko.transport: kex engine KexGroup1 specified hash_algo <built-in function openssl_sha1>
DEB [20170216-18:12:36.500] thr=1   paramiko.transport: Switch to new keys ...
DEB [20170216-18:12:36.523] thr=2   paramiko.transport: Adding ssh-rsa host key for 192.168.7.105: 886b740176f6b9020e967b851be182b5
DEB [20170216-18:12:36.555] thr=2   paramiko.transport: Trying discovered key 966d7911e7ce6bc954c19efc8fd0284b in C:\Users\chenhui/.ssh/id_rsa
DEB [20170216-18:12:36.556] thr=1   paramiko.transport: userauth is OK
INF [20170216-18:12:36.575] thr=1   paramiko.transport: Authentication (publickey) failed.
DEB [20170216-18:12:36.586] thr=1   paramiko.transport: userauth is OK
INF [20170216-18:12:36.638] thr=1   paramiko.transport: Authentication (password) successful!
DEB [20170216-18:12:36.648] thr=2   paramiko.transport: [chan 0] Max packet in: 32768 bytes
DEB [20170216-18:12:36.650] thr=1   paramiko.transport: [chan 0] Max packet out: 32768 bytes
DEB [20170216-18:12:36.650] thr=1   paramiko.transport: Secsh channel 0 opened.
DEB [20170216-18:12:36.654] thr=1   paramiko.transport: [chan 0] Sesch channel 0 request ok
DEB [20170216-18:12:38.799] thr=3   paramiko.transport: starting thread (client mode): 0x3c76a10L
DEB [20170216-18:12:38.801] thr=3   paramiko.transport: Local version/idstring: SSH-2.0-paramiko_2.1.1
DEB [20170216-18:12:38.821] thr=3   paramiko.transport: Remote version/idstring: SSH-2.0-OpenSSH_6.6.1
INF [20170216-18:12:38.822] thr=3   paramiko.transport: Connected (version 2.0, client OpenSSH_6.6.1)
DEB [20170216-18:12:38.822] thr=3   paramiko.transport: kex algos:[u'curve25519-sha256@libssh.org', u'ecdh-sha2-nistp256', u'ecdh-sha2-nistp384', u'ecdh-sha2-nistp521', u'diffie-hellman-group-exchange-sha256', u'diffie-hellman-group-exchange-sha1', u'diffie-hellman-group14-sha1', u'diffie-hellman-group1-sha1'] server key:[u'ssh-rsa', u'ecdsa-sha2-nistp256', u'ssh-ed25519'] client encrypt:[u'aes128-ctr', u'aes192-ctr', u'aes256-ctr', u'arcfour256', u'arcfour128', u'aes128-gcm@openssh.com', u'aes256-gcm@openssh.com', u'chacha20-poly1305@openssh.com', u'aes128-cbc', u'3des-cbc', u'blowfish-cbc', u'cast128-cbc', u'aes192-cbc', u'aes256-cbc', u'arcfour', u'rijndael-cbc@lysator.liu.se'] server encrypt:[u'aes128-ctr', u'aes192-ctr', u'aes256-ctr', u'arcfour256', u'arcfour128', u'aes128-gcm@openssh.com', u'aes256-gcm@openssh.com', u'chacha20-poly1305@openssh.com', u'aes128-cbc', u'3des-cbc', u'blowfish-cbc', u'cast128-cbc', u'aes192-cbc', u'aes256-cbc', u'arcfour', u'rijndael-cbc@lysator.liu.se'] client mac:[u'hmac-md5-etm@openssh.com', u'hmac-sha1-etm@openssh.com', u'umac-64-etm@openssh.com', u'umac-128-etm@openssh.com', u'hmac-sha2-256-etm@openssh.com', u'hmac-sha2-512-etm@openssh.com', u'hmac-ripemd160-etm@openssh.com', u'hmac-sha1-96-etm@openssh.com', u'hmac-md5-96-etm@openssh.com', u'hmac-md5', u'hmac-sha1', u'umac-64@openssh.com', u'umac-128@openssh.com', u'hmac-sha2-256', u'hmac-sha2-512', u'hmac-ripemd160', u'hmac-ripemd160@openssh.com', u'hmac-sha1-96', u'hmac-md5-96'] server mac:[u'hmac-md5-etm@openssh.com', u'hmac-sha1-etm@openssh.com', u'umac-64-etm@openssh.com', u'umac-128-etm@openssh.com', u'hmac-sha2-256-etm@openssh.com', u'hmac-sha2-512-etm@openssh.com', u'hmac-ripemd160-etm@openssh.com', u'hmac-sha1-96-etm@openssh.com', u'hmac-md5-96-etm@openssh.com', u'hmac-md5', u'hmac-sha1', u'umac-64@openssh.com', u'umac-128@openssh.com', u'hmac-sha2-256', u'hmac-sha2-512', u'hmac-ripemd160', u'hmac-ripemd160@openssh.com', u'hmac-sha1-96', u'hmac-md5-96'] client compress:[u'none', u'zlib@openssh.com'] server compress:[u'none', u'zlib@openssh.com'] client lang:[u''] server lang:[u''] kex follows?False
DEB [20170216-18:12:38.822] thr=3   paramiko.transport: Kex agreed: diffie-hellman-group1-sha1
DEB [20170216-18:12:38.823] thr=3   paramiko.transport: Cipher agreed: aes128-ctr
DEB [20170216-18:12:38.823] thr=3   paramiko.transport: MAC agreed: hmac-sha2-256
DEB [20170216-18:12:38.823] thr=3   paramiko.transport: Compression agreed: none
DEB [20170216-18:12:38.894] thr=3   paramiko.transport: kex engine KexGroup1 specified hash_algo <built-in function openssl_sha1>
DEB [20170216-18:12:38.894] thr=3   paramiko.transport: Switch to new keys ...
DEB [20170216-18:12:38.898] thr=4   paramiko.transport: Adding ssh-rsa host key for 192.168.7.105: 886b740176f6b9020e967b851be182b5
DEB [20170216-18:12:38.900] thr=4   paramiko.transport: Trying discovered key 966d7911e7ce6bc954c19efc8fd0284b in C:\Users\chenhui/.ssh/id_rsa
DEB [20170216-18:12:38.944] thr=3   paramiko.transport: userauth is OK
INF [20170216-18:12:38.976] thr=3   paramiko.transport: Authentication (publickey) failed.
DEB [20170216-18:12:39.009] thr=3   paramiko.transport: userauth is OK
INF [20170216-18:12:39.063] thr=3   paramiko.transport: Authentication (password) successful!
DEB [20170216-18:12:39.098] thr=4   paramiko.transport: [chan 0] Max packet in: 32768 bytes
DEB [20170216-18:12:39.102] thr=3   paramiko.transport: [chan 0] Max packet out: 32768 bytes
DEB [20170216-18:12:39.102] thr=3   paramiko.transport: Secsh channel 0 opened.
DEB [20170216-18:12:39.111] thr=3   paramiko.transport: [chan 0] Sesch channel 0 request ok
DEB [20170216-18:12:39.404] thr=5   paramiko.transport: starting thread (client mode): 0x3c8d710L
DEB [20170216-18:12:39.404] thr=5   paramiko.transport: Local version/idstring: SSH-2.0-paramiko_2.1.1
DEB [20170216-18:12:39.427] thr=5   paramiko.transport: Remote version/idstring: SSH-2.0-OpenSSH_6.6.1
INF [20170216-18:12:39.427] thr=5   paramiko.transport: Connected (version 2.0, client OpenSSH_6.6.1)
DEB [20170216-18:12:39.436] thr=5   paramiko.transport: kex algos:[u'curve25519-sha256@libssh.org', u'ecdh-sha2-nistp256', u'ecdh-sha2-nistp384', u'ecdh-sha2-nistp521', u'diffie-hellman-group-exchange-sha256', u'diffie-hellman-group-exchange-sha1', u'diffie-hellman-group14-sha1', u'diffie-hellman-group1-sha1'] server key:[u'ssh-rsa', u'ecdsa-sha2-nistp256', u'ssh-ed25519'] client encrypt:[u'aes128-ctr', u'aes192-ctr', u'aes256-ctr', u'arcfour256', u'arcfour128', u'aes128-gcm@openssh.com', u'aes256-gcm@openssh.com', u'chacha20-poly1305@openssh.com', u'aes128-cbc', u'3des-cbc', u'blowfish-cbc', u'cast128-cbc', u'aes192-cbc', u'aes256-cbc', u'arcfour', u'rijndael-cbc@lysator.liu.se'] server encrypt:[u'aes128-ctr', u'aes192-ctr', u'aes256-ctr', u'arcfour256', u'arcfour128', u'aes128-gcm@openssh.com', u'aes256-gcm@openssh.com', u'chacha20-poly1305@openssh.com', u'aes128-cbc', u'3des-cbc', u'blowfish-cbc', u'cast128-cbc', u'aes192-cbc', u'aes256-cbc', u'arcfour', u'rijndael-cbc@lysator.liu.se'] client mac:[u'hmac-md5-etm@openssh.com', u'hmac-sha1-etm@openssh.com', u'umac-64-etm@openssh.com', u'umac-128-etm@openssh.com', u'hmac-sha2-256-etm@openssh.com', u'hmac-sha2-512-etm@openssh.com', u'hmac-ripemd160-etm@openssh.com', u'hmac-sha1-96-etm@openssh.com', u'hmac-md5-96-etm@openssh.com', u'hmac-md5', u'hmac-sha1', u'umac-64@openssh.com', u'umac-128@openssh.com', u'hmac-sha2-256', u'hmac-sha2-512', u'hmac-ripemd160', u'hmac-ripemd160@openssh.com', u'hmac-sha1-96', u'hmac-md5-96'] server mac:[u'hmac-md5-etm@openssh.com', u'hmac-sha1-etm@openssh.com', u'umac-64-etm@openssh.com', u'umac-128-etm@openssh.com', u'hmac-sha2-256-etm@openssh.com', u'hmac-sha2-512-etm@openssh.com', u'hmac-ripemd160-etm@openssh.com', u'hmac-sha1-96-etm@openssh.com', u'hmac-md5-96-etm@openssh.com', u'hmac-md5', u'hmac-sha1', u'umac-64@openssh.com', u'umac-128@openssh.com', u'hmac-sha2-256', u'hmac-sha2-512', u'hmac-ripemd160', u'hmac-ripemd160@openssh.com', u'hmac-sha1-96', u'hmac-md5-96'] client compress:[u'none', u'zlib@openssh.com'] server compress:[u'none', u'zlib@openssh.com'] client lang:[u''] server lang:[u''] kex follows?False
DEB [20170216-18:12:39.436] thr=5   paramiko.transport: Kex agreed: diffie-hellman-group1-sha1
DEB [20170216-18:12:39.436] thr=5   paramiko.transport: Cipher agreed: aes128-ctr
DEB [20170216-18:12:39.437] thr=5   paramiko.transport: MAC agreed: hmac-sha2-256
DEB [20170216-18:12:39.437] thr=5   paramiko.transport: Compression agreed: none
DEB [20170216-18:12:39.509] thr=5   paramiko.transport: kex engine KexGroup1 specified hash_algo <built-in function openssl_sha1>
DEB [20170216-18:12:39.509] thr=5   paramiko.transport: Switch to new keys ...
DEB [20170216-18:12:39.510] thr=6   paramiko.transport: Adding ssh-rsa host key for 192.168.7.105: 886b740176f6b9020e967b851be182b5
DEB [20170216-18:12:39.512] thr=6   paramiko.transport: Trying discovered key 966d7911e7ce6bc954c19efc8fd0284b in C:\Users\chenhui/.ssh/id_rsa
DEB [20170216-18:12:39.561] thr=5   paramiko.transport: userauth is OK
INF [20170216-18:12:39.588] thr=5   paramiko.transport: Authentication (publickey) failed.
DEB [20170216-18:12:39.605] thr=7   paramiko.transport: starting thread (client mode): 0x3c8dbd0L
DEB [20170216-18:12:39.605] thr=7   paramiko.transport: Local version/idstring: SSH-2.0-paramiko_2.1.1
DEB [20170216-18:12:39.618] thr=5   paramiko.transport: userauth is OK
INF [20170216-18:12:39.677] thr=5   paramiko.transport: Authentication (password) successful!
DEB [20170216-18:12:39.710] thr=6   paramiko.transport: [chan 0] Max packet in: 32768 bytes
DEB [20170216-18:12:39.711] thr=5   paramiko.transport: [chan 0] Max packet out: 32768 bytes
DEB [20170216-18:12:39.711] thr=5   paramiko.transport: Secsh channel 0 opened.
DEB [20170216-18:12:39.720] thr=5   paramiko.transport: [chan 0] Sesch channel 0 request ok
DEB [20170216-18:12:40.105] thr=8   paramiko.transport: starting thread (client mode): 0x3c99d90L
DEB [20170216-18:12:40.105] thr=8   paramiko.transport: Local version/idstring: SSH-2.0-paramiko_2.1.1
DEB [20170216-18:12:40.266] thr=9   paramiko.transport: starting thread (client mode): 0x3ca7690L
DEB [20170216-18:12:40.266] thr=9   paramiko.transport: Local version/idstring: SSH-2.0-paramiko_2.1.1
DEB [20170216-18:12:40.440] thr=10  paramiko.transport: starting thread (client mode): 0x3d17090L
DEB [20170216-18:12:40.440] thr=10  paramiko.transport: Local version/idstring: SSH-2.0-paramiko_2.1.1
DEB [20170216-18:12:40.615] thr=11  paramiko.transport: starting thread (client mode): 0x3d17ad0L
DEB [20170216-18:12:40.615] thr=11  paramiko.transport: Local version/idstring: SSH-2.0-paramiko_2.1.1
DEB [20170216-18:12:40.786] thr=12  paramiko.transport: starting thread (client mode): 0x3d170b0L
DEB [20170216-18:12:40.786] thr=12  paramiko.transport: Local version/idstring: SSH-2.0-paramiko_2.1.1
DEB [20170216-18:12:40.960] thr=13  paramiko.transport: starting thread (client mode): 0x3d25ff0L
DEB [20170216-18:12:40.960] thr=13  paramiko.transport: Local version/idstring: SSH-2.0-paramiko_2.1.1
DEB [20170216-18:12:41.125] thr=14  paramiko.transport: starting thread (client mode): 0x3d328f0L
DEB [20170216-18:12:41.125] thr=14  paramiko.transport: Local version/idstring: SSH-2.0-paramiko_2.1.1
DEB [20170216-18:12:41.859] thr=11  paramiko.transport: Remote version/idstring: SSH-2.0-OpenSSH_6.6.1
INF [20170216-18:12:41.859] thr=11  paramiko.transport: Connected (version 2.0, client OpenSSH_6.6.1)
DEB [20170216-18:12:41.861] thr=8   paramiko.transport: Remote version/idstring: SSH-2.0-OpenSSH_6.6.1
INF [20170216-18:12:41.861] thr=8   paramiko.transport: Connected (version 2.0, client OpenSSH_6.6.1)
DEB [20170216-18:12:41.868] thr=10  paramiko.transport: Remote version/idstring: SSH-2.0-OpenSSH_6.6.1
INF [20170216-18:12:41.868] thr=10  paramiko.transport: Connected (version 2.0, client OpenSSH_6.6.1)
DEB [20170216-18:12:41.874] thr=12  paramiko.transport: Remote version/idstring: SSH-2.0-OpenSSH_6.6.1
DEB [20170216-18:12:41.874] thr=7   paramiko.transport: Remote version/idstring: SSH-2.0-OpenSSH_6.6.1
INF [20170216-18:12:41.874] thr=12  paramiko.transport: Connected (version 2.0, client OpenSSH_6.6.1)
INF [20170216-18:12:41.874] thr=7   paramiko.transport: Connected (version 2.0, client OpenSSH_6.6.1)
DEB [20170216-18:12:41.881] thr=13  paramiko.transport: Remote version/idstring: SSH-2.0-OpenSSH_6.6.1
DEB [20170216-18:12:41.881] thr=9   paramiko.transport: Remote version/idstring: SSH-2.0-OpenSSH_6.6.1
DEB [20170216-18:12:41.882] thr=11  paramiko.transport: kex algos:[u'curve25519-sha256@libssh.org', u'ecdh-sha2-nistp256', u'ecdh-sha2-nistp384', u'ecdh-sha2-nistp521', u'diffie-hellman-group-exchange-sha256', u'diffie-hellman-group-exchange-sha1', u'diffie-hellman-group14-sha1', u'diffie-hellman-group1-sha1'] server key:[u'ssh-rsa', u'ecdsa-sha2-nistp256', u'ssh-ed25519'] client encrypt:[u'aes128-ctr', u'aes192-ctr', u'aes256-ctr', u'arcfour256', u'arcfour128', u'aes128-gcm@openssh.com', u'aes256-gcm@openssh.com', u'chacha20-poly1305@openssh.com', u'aes128-cbc', u'3des-cbc', u'blowfish-cbc', u'cast128-cbc', u'aes192-cbc', u'aes256-cbc', u'arcfour', u'rijndael-cbc@lysator.liu.se'] server encrypt:[u'aes128-ctr', u'aes192-ctr', u'aes256-ctr', u'arcfour256', u'arcfour128', u'aes128-gcm@openssh.com', u'aes256-gcm@openssh.com', u'chacha20-poly1305@openssh.com', u'aes128-cbc', u'3des-cbc', u'blowfish-cbc', u'cast128-cbc', u'aes192-cbc', u'aes256-cbc', u'arcfour', u'rijndael-cbc@lysator.liu.se'] client mac:[u'hmac-md5-etm@openssh.com', u'hmac-sha1-etm@openssh.com', u'umac-64-etm@openssh.com', u'umac-128-etm@openssh.com', u'hmac-sha2-256-etm@openssh.com', u'hmac-sha2-512-etm@openssh.com', u'hmac-ripemd160-etm@openssh.com', u'hmac-sha1-96-etm@openssh.com', u'hmac-md5-96-etm@openssh.com', u'hmac-md5', u'hmac-sha1', u'umac-64@openssh.com', u'umac-128@openssh.com', u'hmac-sha2-256', u'hmac-sha2-512', u'hmac-ripemd160', u'hmac-ripemd160@openssh.com', u'hmac-sha1-96', u'hmac-md5-96'] server mac:[u'hmac-md5-etm@openssh.com', u'hmac-sha1-etm@openssh.com', u'umac-64-etm@openssh.com', u'umac-128-etm@openssh.com', u'hmac-sha2-256-etm@openssh.com', u'hmac-sha2-512-etm@openssh.com', u'hmac-ripemd160-etm@openssh.com', u'hmac-sha1-96-etm@openssh.com', u'hmac-md5-96-etm@openssh.com', u'hmac-md5', u'hmac-sha1', u'umac-64@openssh.com', u'umac-128@openssh.com', u'hmac-sha2-256', u'hmac-sha2-512', u'hmac-ripemd160', u'hmac-ripemd160@openssh.com', u'hmac-sha1-96', u'hmac-md5-96'] client compress:[u'none', u'zlib@openssh.com'] server compress:[u'none', u'zlib@openssh.com'] client lang:[u''] server lang:[u''] kex follows?False
DEB [20170216-18:12:41.881] thr=14  paramiko.transport: Remote version/idstring: SSH-2.0-OpenSSH_6.6.1
DEB [20170216-18:12:41.882] thr=12  paramiko.transport: kex algos:[u'curve25519-sha256@libssh.org', u'ecdh-sha2-nistp256', u'ecdh-sha2-nistp384', u'ecdh-sha2-nistp521', u'diffie-hellman-group-exchange-sha256', u'diffie-hellman-group-exchange-sha1', u'diffie-hellman-group14-sha1', u'diffie-hellman-group1-sha1'] server key:[u'ssh-rsa', u'ecdsa-sha2-nistp256', u'ssh-ed25519'] client encrypt:[u'aes128-ctr', u'aes192-ctr', u'aes256-ctr', u'arcfour256', u'arcfour128', u'aes128-gcm@openssh.com', u'aes256-gcm@openssh.com', u'chacha20-poly1305@openssh.com', u'aes128-cbc', u'3des-cbc', u'blowfish-cbc', u'cast128-cbc', u'aes192-cbc', u'aes256-cbc', u'arcfour', u'rijndael-cbc@lysator.liu.se'] server encrypt:[u'aes128-ctr', u'aes192-ctr', u'aes256-ctr', u'arcfour256', u'arcfour128', u'aes128-gcm@openssh.com', u'aes256-gcm@openssh.com', u'chacha20-poly1305@openssh.com', u'aes128-cbc', u'3des-cbc', u'blowfish-cbc', u'cast128-cbc', u'aes192-cbc', u'aes256-cbc', u'arcfour', u'rijndael-cbc@lysator.liu.se'] client mac:[u'hmac-md5-etm@openssh.com', u'hmac-sha1-etm@openssh.com', u'umac-64-etm@openssh.com', u'umac-128-etm@openssh.com', u'hmac-sha2-256-etm@openssh.com', u'hmac-sha2-512-etm@openssh.com', u'hmac-ripemd160-etm@openssh.com', u'hmac-sha1-96-etm@openssh.com', u'hmac-md5-96-etm@openssh.com', u'hmac-md5', u'hmac-sha1', u'umac-64@openssh.com', u'umac-128@openssh.com', u'hmac-sha2-256', u'hmac-sha2-512', u'hmac-ripemd160', u'hmac-ripemd160@openssh.com', u'hmac-sha1-96', u'hmac-md5-96'] server mac:[u'hmac-md5-etm@openssh.com', u'hmac-sha1-etm@openssh.com', u'umac-64-etm@openssh.com', u'umac-128-etm@openssh.com', u'hmac-sha2-256-etm@openssh.com', u'hmac-sha2-512-etm@openssh.com', u'hmac-ripemd160-etm@openssh.com', u'hmac-sha1-96-etm@openssh.com', u'hmac-md5-96-etm@openssh.com', u'hmac-md5', u'hmac-sha1', u'umac-64@openssh.com', u'umac-128@openssh.com', u'hmac-sha2-256', u'hmac-sha2-512', u'hmac-ripemd160', u'hmac-ripemd160@openssh.com', u'hmac-sha1-96', u'hmac-md5-96'] client compress:[u'none', u'zlib@openssh.com'] server compress:[u'none', u'zlib@openssh.com'] client lang:[u''] server lang:[u''] kex follows?False
INF [20170216-18:12:41.882] thr=13  paramiko.transport: Connected (version 2.0, client OpenSSH_6.6.1)
INF [20170216-18:12:41.884] thr=9   paramiko.transport: Connected (version 2.0, client OpenSSH_6.6.1)
DEB [20170216-18:12:41.884] thr=11  paramiko.transport: Kex agreed: diffie-hellman-group1-sha1
INF [20170216-18:12:41.884] thr=14  paramiko.transport: Connected (version 2.0, client OpenSSH_6.6.1)
DEB [20170216-18:12:41.884] thr=12  paramiko.transport: Kex agreed: diffie-hellman-group1-sha1
DEB [20170216-18:12:41.887] thr=11  paramiko.transport: Cipher agreed: aes128-ctr
DEB [20170216-18:12:41.887] thr=12  paramiko.transport: Cipher agreed: aes128-ctr
DEB [20170216-18:12:41.888] thr=11  paramiko.transport: MAC agreed: hmac-sha2-256
DEB [20170216-18:12:41.888] thr=11  paramiko.transport: Compression agreed: none
DEB [20170216-18:12:41.888] thr=12  paramiko.transport: MAC agreed: hmac-sha2-256
DEB [20170216-18:12:41.888] thr=7   paramiko.transport: kex algos:[u'curve25519-sha256@libssh.org', u'ecdh-sha2-nistp256', u'ecdh-sha2-nistp384', u'ecdh-sha2-nistp521', u'diffie-hellman-group-exchange-sha256', u'diffie-hellman-group-exchange-sha1', u'diffie-hellman-group14-sha1', u'diffie-hellman-group1-sha1'] server key:[u'ssh-rsa', u'ecdsa-sha2-nistp256', u'ssh-ed25519'] client encrypt:[u'aes128-ctr', u'aes192-ctr', u'aes256-ctr', u'arcfour256', u'arcfour128', u'aes128-gcm@openssh.com', u'aes256-gcm@openssh.com', u'chacha20-poly1305@openssh.com', u'aes128-cbc', u'3des-cbc', u'blowfish-cbc', u'cast128-cbc', u'aes192-cbc', u'aes256-cbc', u'arcfour', u'rijndael-cbc@lysator.liu.se'] server encrypt:[u'aes128-ctr', u'aes192-ctr', u'aes256-ctr', u'arcfour256', u'arcfour128', u'aes128-gcm@openssh.com', u'aes256-gcm@openssh.com', u'chacha20-poly1305@openssh.com', u'aes128-cbc', u'3des-cbc', u'blowfish-cbc', u'cast128-cbc', u'aes192-cbc', u'aes256-cbc', u'arcfour', u'rijndael-cbc@lysator.liu.se'] client mac:[u'hmac-md5-etm@openssh.com', u'hmac-sha1-etm@openssh.com', u'umac-64-etm@openssh.com', u'umac-128-etm@openssh.com', u'hmac-sha2-256-etm@openssh.com', u'hmac-sha2-512-etm@openssh.com', u'hmac-ripemd160-etm@openssh.com', u'hmac-sha1-96-etm@openssh.com', u'hmac-md5-96-etm@openssh.com', u'hmac-md5', u'hmac-sha1', u'umac-64@openssh.com', u'umac-128@openssh.com', u'hmac-sha2-256', u'hmac-sha2-512', u'hmac-ripemd160', u'hmac-ripemd160@openssh.com', u'hmac-sha1-96', u'hmac-md5-96'] server mac:[u'hmac-md5-etm@openssh.com', u'hmac-sha1-etm@openssh.com', u'umac-64-etm@openssh.com', u'umac-128-etm@openssh.com', u'hmac-sha2-256-etm@openssh.com', u'hmac-sha2-512-etm@openssh.com', u'hmac-ripemd160-etm@openssh.com', u'hmac-sha1-96-etm@openssh.com', u'hmac-md5-96-etm@openssh.com', u'hmac-md5', u'hmac-sha1', u'umac-64@openssh.com', u'umac-128@openssh.com', u'hmac-sha2-256', u'hmac-sha2-512', u'hmac-ripemd160', u'hmac-ripemd160@openssh.com', u'hmac-sha1-96', u'hmac-md5-96'] client compress:[u'none', u'zlib@openssh.com'] server compress:[u'none', u'zlib@openssh.com'] client lang:[u''] server lang:[u''] kex follows?False
DEB [20170216-18:12:41.888] thr=12  paramiko.transport: Compression agreed: none
DEB [20170216-18:12:41.907] thr=7   paramiko.transport: Kex agreed: diffie-hellman-group1-sha1
DEB [20170216-18:12:41.908] thr=13  paramiko.transport: kex algos:[u'curve25519-sha256@libssh.org', u'ecdh-sha2-nistp256', u'ecdh-sha2-nistp384', u'ecdh-sha2-nistp521', u'diffie-hellman-group-exchange-sha256', u'diffie-hellman-group-exchange-sha1', u'diffie-hellman-group14-sha1', u'diffie-hellman-group1-sha1'] server key:[u'ssh-rsa', u'ecdsa-sha2-nistp256', u'ssh-ed25519'] client encrypt:[u'aes128-ctr', u'aes192-ctr', u'aes256-ctr', u'arcfour256', u'arcfour128', u'aes128-gcm@openssh.com', u'aes256-gcm@openssh.com', u'chacha20-poly1305@openssh.com', u'aes128-cbc', u'3des-cbc', u'blowfish-cbc', u'cast128-cbc', u'aes192-cbc', u'aes256-cbc', u'arcfour', u'rijndael-cbc@lysator.liu.se'] server encrypt:[u'aes128-ctr', u'aes192-ctr', u'aes256-ctr', u'arcfour256', u'arcfour128', u'aes128-gcm@openssh.com', u'aes256-gcm@openssh.com', u'chacha20-poly1305@openssh.com', u'aes128-cbc', u'3des-cbc', u'blowfish-cbc', u'cast128-cbc', u'aes192-cbc', u'aes256-cbc', u'arcfour', u'rijndael-cbc@lysator.liu.se'] client mac:[u'hmac-md5-etm@openssh.com', u'hmac-sha1-etm@openssh.com', u'umac-64-etm@openssh.com', u'umac-128-etm@openssh.com', u'hmac-sha2-256-etm@openssh.com', u'hmac-sha2-512-etm@openssh.com', u'hmac-ripemd160-etm@openssh.com', u'hmac-sha1-96-etm@openssh.com', u'hmac-md5-96-etm@openssh.com', u'hmac-md5', u'hmac-sha1', u'umac-64@openssh.com', u'umac-128@openssh.com', u'hmac-sha2-256', u'hmac-sha2-512', u'hmac-ripemd160', u'hmac-ripemd160@openssh.com', u'hmac-sha1-96', u'hmac-md5-96'] server mac:[u'hmac-md5-etm@openssh.com', u'hmac-sha1-etm@openssh.com', u'umac-64-etm@openssh.com', u'umac-128-etm@openssh.com', u'hmac-sha2-256-etm@openssh.com', u'hmac-sha2-512-etm@openssh.com', u'hmac-ripemd160-etm@openssh.com', u'hmac-sha1-96-etm@openssh.com', u'hmac-md5-96-etm@openssh.com', u'hmac-md5', u'hmac-sha1', u'umac-64@openssh.com', u'umac-128@openssh.com', u'hmac-sha2-256', u'hmac-sha2-512', u'hmac-ripemd160', u'hmac-ripemd160@openssh.com', u'hmac-sha1-96', u'hmac-md5-96'] client compress:[u'none', u'zlib@openssh.com'] server compress:[u'none', u'zlib@openssh.com'] client lang:[u''] server lang:[u''] kex follows?False
DEB [20170216-18:12:41.928] thr=14  paramiko.transport: kex algos:[u'curve25519-sha256@libssh.org', u'ecdh-sha2-nistp256', u'ecdh-sha2-nistp384', u'ecdh-sha2-nistp521', u'diffie-hellman-group-exchange-sha256', u'diffie-hellman-group-exchange-sha1', u'diffie-hellman-group14-sha1', u'diffie-hellman-group1-sha1'] server key:[u'ssh-rsa', u'ecdsa-sha2-nistp256', u'ssh-ed25519'] client encrypt:[u'aes128-ctr', u'aes192-ctr', u'aes256-ctr', u'arcfour256', u'arcfour128', u'aes128-gcm@openssh.com', u'aes256-gcm@openssh.com', u'chacha20-poly1305@openssh.com', u'aes128-cbc', u'3des-cbc', u'blowfish-cbc', u'cast128-cbc', u'aes192-cbc', u'aes256-cbc', u'arcfour', u'rijndael-cbc@lysator.liu.se'] server encrypt:[u'aes128-ctr', u'aes192-ctr', u'aes256-ctr', u'arcfour256', u'arcfour128', u'aes128-gcm@openssh.com', u'aes256-gcm@openssh.com', u'chacha20-poly1305@openssh.com', u'aes128-cbc', u'3des-cbc', u'blowfish-cbc', u'cast128-cbc', u'aes192-cbc', u'aes256-cbc', u'arcfour', u'rijndael-cbc@lysator.liu.se'] client mac:[u'hmac-md5-etm@openssh.com', u'hmac-sha1-etm@openssh.com', u'umac-64-etm@openssh.com', u'umac-128-etm@openssh.com', u'hmac-sha2-256-etm@openssh.com', u'hmac-sha2-512-etm@openssh.com', u'hmac-ripemd160-etm@openssh.com', u'hmac-sha1-96-etm@openssh.com', u'hmac-md5-96-etm@openssh.com', u'hmac-md5', u'hmac-sha1', u'umac-64@openssh.com', u'umac-128@openssh.com', u'hmac-sha2-256', u'hmac-sha2-512', u'hmac-ripemd160', u'hmac-ripemd160@openssh.com', u'hmac-sha1-96', u'hmac-md5-96'] server mac:[u'hmac-md5-etm@openssh.com', u'hmac-sha1-etm@openssh.com', u'umac-64-etm@openssh.com', u'umac-128-etm@openssh.com', u'hmac-sha2-256-etm@openssh.com', u'hmac-sha2-512-etm@openssh.com', u'hmac-ripemd160-etm@openssh.com', u'hmac-sha1-96-etm@openssh.com', u'hmac-md5-96-etm@openssh.com', u'hmac-md5', u'hmac-sha1', u'umac-64@openssh.com', u'umac-128@openssh.com', u'hmac-sha2-256', u'hmac-sha2-512', u'hmac-ripemd160', u'hmac-ripemd160@openssh.com', u'hmac-sha1-96', u'hmac-md5-96'] client compress:[u'none', u'zlib@openssh.com'] server compress:[u'none', u'zlib@openssh.com'] client lang:[u''] server lang:[u''] kex follows?False
DEB [20170216-18:12:41.927] thr=9   paramiko.transport: kex algos:[u'curve25519-sha256@libssh.org', u'ecdh-sha2-nistp256', u'ecdh-sha2-nistp384', u'ecdh-sha2-nistp521', u'diffie-hellman-group-exchange-sha256', u'diffie-hellman-group-exchange-sha1', u'diffie-hellman-group14-sha1', u'diffie-hellman-group1-sha1'] server key:[u'ssh-rsa', u'ecdsa-sha2-nistp256', u'ssh-ed25519'] client encrypt:[u'aes128-ctr', u'aes192-ctr', u'aes256-ctr', u'arcfour256', u'arcfour128', u'aes128-gcm@openssh.com', u'aes256-gcm@openssh.com', u'chacha20-poly1305@openssh.com', u'aes128-cbc', u'3des-cbc', u'blowfish-cbc', u'cast128-cbc', u'aes192-cbc', u'aes256-cbc', u'arcfour', u'rijndael-cbc@lysator.liu.se'] server encrypt:[u'aes128-ctr', u'aes192-ctr', u'aes256-ctr', u'arcfour256', u'arcfour128', u'aes128-gcm@openssh.com', u'aes256-gcm@openssh.com', u'chacha20-poly1305@openssh.com', u'aes128-cbc', u'3des-cbc', u'blowfish-cbc', u'cast128-cbc', u'aes192-cbc', u'aes256-cbc', u'arcfour', u'rijndael-cbc@lysator.liu.se'] client mac:[u'hmac-md5-etm@openssh.com', u'hmac-sha1-etm@openssh.com', u'umac-64-etm@openssh.com', u'umac-128-etm@openssh.com', u'hmac-sha2-256-etm@openssh.com', u'hmac-sha2-512-etm@openssh.com', u'hmac-ripemd160-etm@openssh.com', u'hmac-sha1-96-etm@openssh.com', u'hmac-md5-96-etm@openssh.com', u'hmac-md5', u'hmac-sha1', u'umac-64@openssh.com', u'umac-128@openssh.com', u'hmac-sha2-256', u'hmac-sha2-512', u'hmac-ripemd160', u'hmac-ripemd160@openssh.com', u'hmac-sha1-96', u'hmac-md5-96'] server mac:[u'hmac-md5-etm@openssh.com', u'hmac-sha1-etm@openssh.com', u'umac-64-etm@openssh.com', u'umac-128-etm@openssh.com', u'hmac-sha2-256-etm@openssh.com', u'hmac-sha2-512-etm@openssh.com', u'hmac-ripemd160-etm@openssh.com', u'hmac-sha1-96-etm@openssh.com', u'hmac-md5-96-etm@openssh.com', u'hmac-md5', u'hmac-sha1', u'umac-64@openssh.com', u'umac-128@openssh.com', u'hmac-sha2-256', u'hmac-sha2-512', u'hmac-ripemd160', u'hmac-ripemd160@openssh.com', u'hmac-sha1-96', u'hmac-md5-96'] client compress:[u'none', u'zlib@openssh.com'] server compress:[u'none', u'zlib@openssh.com'] client lang:[u''] server lang:[u''] kex follows?False
DEB [20170216-18:12:41.928] thr=10  paramiko.transport: kex algos:[u'curve25519-sha256@libssh.org', u'ecdh-sha2-nistp256', u'ecdh-sha2-nistp384', u'ecdh-sha2-nistp521', u'diffie-hellman-group-exchange-sha256', u'diffie-hellman-group-exchange-sha1', u'diffie-hellman-group14-sha1', u'diffie-hellman-group1-sha1'] server key:[u'ssh-rsa', u'ecdsa-sha2-nistp256', u'ssh-ed25519'] client encrypt:[u'aes128-ctr', u'aes192-ctr', u'aes256-ctr', u'arcfour256', u'arcfour128', u'aes128-gcm@openssh.com', u'aes256-gcm@openssh.com', u'chacha20-poly1305@openssh.com', u'aes128-cbc', u'3des-cbc', u'blowfish-cbc', u'cast128-cbc', u'aes192-cbc', u'aes256-cbc', u'arcfour', u'rijndael-cbc@lysator.liu.se'] server encrypt:[u'aes128-ctr', u'aes192-ctr', u'aes256-ctr', u'arcfour256', u'arcfour128', u'aes128-gcm@openssh.com', u'aes256-gcm@openssh.com', u'chacha20-poly1305@openssh.com', u'aes128-cbc', u'3des-cbc', u'blowfish-cbc', u'cast128-cbc', u'aes192-cbc', u'aes256-cbc', u'arcfour', u'rijndael-cbc@lysator.liu.se'] client mac:[u'hmac-md5-etm@openssh.com', u'hmac-sha1-etm@openssh.com', u'umac-64-etm@openssh.com', u'umac-128-etm@openssh.com', u'hmac-sha2-256-etm@openssh.com', u'hmac-sha2-512-etm@openssh.com', u'hmac-ripemd160-etm@openssh.com', u'hmac-sha1-96-etm@openssh.com', u'hmac-md5-96-etm@openssh.com', u'hmac-md5', u'hmac-sha1', u'umac-64@openssh.com', u'umac-128@openssh.com', u'hmac-sha2-256', u'hmac-sha2-512', u'hmac-ripemd160', u'hmac-ripemd160@openssh.com', u'hmac-sha1-96', u'hmac-md5-96'] server mac:[u'hmac-md5-etm@openssh.com', u'hmac-sha1-etm@openssh.com', u'umac-64-etm@openssh.com', u'umac-128-etm@openssh.com', u'hmac-sha2-256-etm@openssh.com', u'hmac-sha2-512-etm@openssh.com', u'hmac-ripemd160-etm@openssh.com', u'hmac-sha1-96-etm@openssh.com', u'hmac-md5-96-etm@openssh.com', u'hmac-md5', u'hmac-sha1', u'umac-64@openssh.com', u'umac-128@openssh.com', u'hmac-sha2-256', u'hmac-sha2-512', u'hmac-ripemd160', u'hmac-ripemd160@openssh.com', u'hmac-sha1-96', u'hmac-md5-96'] client compress:[u'none', u'zlib@openssh.com'] server compress:[u'none', u'zlib@openssh.com'] client lang:[u''] server lang:[u''] kex follows?False
DEB [20170216-18:12:41.930] thr=8   paramiko.transport: kex algos:[u'curve25519-sha256@libssh.org', u'ecdh-sha2-nistp256', u'ecdh-sha2-nistp384', u'ecdh-sha2-nistp521', u'diffie-hellman-group-exchange-sha256', u'diffie-hellman-group-exchange-sha1', u'diffie-hellman-group14-sha1', u'diffie-hellman-group1-sha1'] server key:[u'ssh-rsa', u'ecdsa-sha2-nistp256', u'ssh-ed25519'] client encrypt:[u'aes128-ctr', u'aes192-ctr', u'aes256-ctr', u'arcfour256', u'arcfour128', u'aes128-gcm@openssh.com', u'aes256-gcm@openssh.com', u'chacha20-poly1305@openssh.com', u'aes128-cbc', u'3des-cbc', u'blowfish-cbc', u'cast128-cbc', u'aes192-cbc', u'aes256-cbc', u'arcfour', u'rijndael-cbc@lysator.liu.se'] server encrypt:[u'aes128-ctr', u'aes192-ctr', u'aes256-ctr', u'arcfour256', u'arcfour128', u'aes128-gcm@openssh.com', u'aes256-gcm@openssh.com', u'chacha20-poly1305@openssh.com', u'aes128-cbc', u'3des-cbc', u'blowfish-cbc', u'cast128-cbc', u'aes192-cbc', u'aes256-cbc', u'arcfour', u'rijndael-cbc@lysator.liu.se'] client mac:[u'hmac-md5-etm@openssh.com', u'hmac-sha1-etm@openssh.com', u'umac-64-etm@openssh.com', u'umac-128-etm@openssh.com', u'hmac-sha2-256-etm@openssh.com', u'hmac-sha2-512-etm@openssh.com', u'hmac-ripemd160-etm@openssh.com', u'hmac-sha1-96-etm@openssh.com', u'hmac-md5-96-etm@openssh.com', u'hmac-md5', u'hmac-sha1', u'umac-64@openssh.com', u'umac-128@openssh.com', u'hmac-sha2-256', u'hmac-sha2-512', u'hmac-ripemd160', u'hmac-ripemd160@openssh.com', u'hmac-sha1-96', u'hmac-md5-96'] server mac:[u'hmac-md5-etm@openssh.com', u'hmac-sha1-etm@openssh.com', u'umac-64-etm@openssh.com', u'umac-128-etm@openssh.com', u'hmac-sha2-256-etm@openssh.com', u'hmac-sha2-512-etm@openssh.com', u'hmac-ripemd160-etm@openssh.com', u'hmac-sha1-96-etm@openssh.com', u'hmac-md5-96-etm@openssh.com', u'hmac-md5', u'hmac-sha1', u'umac-64@openssh.com', u'umac-128@openssh.com', u'hmac-sha2-256', u'hmac-sha2-512', u'hmac-ripemd160', u'hmac-ripemd160@openssh.com', u'hmac-sha1-96', u'hmac-md5-96'] client compress:[u'none', u'zlib@openssh.com'] server compress:[u'none', u'zlib@openssh.com'] client lang:[u''] server lang:[u''] kex follows?False
DEB [20170216-18:12:41.953] thr=13  paramiko.transport: Kex agreed: diffie-hellman-group1-sha1
DEB [20170216-18:12:41.954] thr=14  paramiko.transport: Kex agreed: diffie-hellman-group1-sha1
DEB [20170216-18:12:41.956] thr=7   paramiko.transport: Cipher agreed: aes128-ctr
DEB [20170216-18:12:41.956] thr=9   paramiko.transport: Kex agreed: diffie-hellman-group1-sha1
DEB [20170216-18:12:41.956] thr=10  paramiko.transport: Kex agreed: diffie-hellman-group1-sha1
DEB [20170216-18:12:41.979] thr=8   paramiko.transport: Kex agreed: diffie-hellman-group1-sha1
DEB [20170216-18:12:41.980] thr=13  paramiko.transport: Cipher agreed: aes128-ctr
DEB [20170216-18:12:41.982] thr=14  paramiko.transport: Cipher agreed: aes128-ctr
DEB [20170216-18:12:41.982] thr=7   paramiko.transport: MAC agreed: hmac-sha2-256
DEB [20170216-18:12:41.983] thr=9   paramiko.transport: Cipher agreed: aes128-ctr
DEB [20170216-18:12:41.983] thr=10  paramiko.transport: Cipher agreed: aes128-ctr
DEB [20170216-18:12:41.983] thr=7   paramiko.transport: Compression agreed: none
DEB [20170216-18:12:41.983] thr=13  paramiko.transport: MAC agreed: hmac-sha2-256
DEB [20170216-18:12:41.984] thr=8   paramiko.transport: Cipher agreed: aes128-ctr
DEB [20170216-18:12:41.984] thr=14  paramiko.transport: MAC agreed: hmac-sha2-256
DEB [20170216-18:12:41.986] thr=13  paramiko.transport: Compression agreed: none
DEB [20170216-18:12:41.986] thr=9   paramiko.transport: MAC agreed: hmac-sha2-256
DEB [20170216-18:12:42.005] thr=10  paramiko.transport: MAC agreed: hmac-sha2-256
DEB [20170216-18:12:42.006] thr=14  paramiko.transport: Compression agreed: none
DEB [20170216-18:12:42.006] thr=11  paramiko.transport: kex engine KexGroup1 specified hash_algo <built-in function openssl_sha1>
DEB [20170216-18:12:42.006] thr=8   paramiko.transport: MAC agreed: hmac-sha2-256
DEB [20170216-18:12:42.006] thr=9   paramiko.transport: Compression agreed: none
DEB [20170216-18:12:42.026] thr=10  paramiko.transport: Compression agreed: none
DEB [20170216-18:12:42.068] thr=8   paramiko.transport: Compression agreed: none
DEB [20170216-18:12:42.045] thr=12  paramiko.transport: kex engine KexGroup1 specified hash_algo <built-in function openssl_sha1>
DEB [20170216-18:12:42.197] thr=11  paramiko.transport: Switch to new keys ...
DEB [20170216-18:12:42.246] thr=12  paramiko.transport: Switch to new keys ...
DEB [20170216-18:12:42.250] thr=7   paramiko.transport: kex engine KexGroup1 specified hash_algo <built-in function openssl_sha1>
DEB [20170216-18:12:42.250] thr=13  paramiko.transport: kex engine KexGroup1 specified hash_algo <built-in function openssl_sha1>
DEB [20170216-18:12:42.252] thr=9   paramiko.transport: kex engine KexGroup1 specified hash_algo <built-in function openssl_sha1>
DEB [20170216-18:12:42.252] thr=10  paramiko.transport: kex engine KexGroup1 specified hash_algo <built-in function openssl_sha1>
DEB [20170216-18:12:42.253] thr=14  paramiko.transport: kex engine KexGroup1 specified hash_algo <built-in function openssl_sha1>
DEB [20170216-18:12:42.253] thr=8   paramiko.transport: kex engine KexGroup1 specified hash_algo <built-in function openssl_sha1>
DEB [20170216-18:12:42.253] thr=7   paramiko.transport: Switch to new keys ...
DEB [20170216-18:12:42.253] thr=15  paramiko.transport: Adding ssh-rsa host key for 192.168.7.105: 886b740176f6b9020e967b851be182b5
DEB [20170216-18:12:42.255] thr=13  paramiko.transport: Switch to new keys ...
DEB [20170216-18:12:42.256] thr=10  paramiko.transport: Switch to new keys ...
DEB [20170216-18:12:42.256] thr=9   paramiko.transport: Switch to new keys ...
DEB [20170216-18:12:42.256] thr=14  paramiko.transport: Switch to new keys ...
DEB [20170216-18:12:42.256] thr=16  paramiko.transport: Adding ssh-rsa host key for 192.168.7.105: 886b740176f6b9020e967b851be182b5
DEB [20170216-18:12:42.257] thr=8   paramiko.transport: Switch to new keys ...
DEB [20170216-18:12:42.266] thr=17  paramiko.transport: Adding ssh-rsa host key for 192.168.7.105: 886b740176f6b9020e967b851be182b5
DEB [20170216-18:12:42.266] thr=18  paramiko.transport: Adding ssh-rsa host key for 192.168.7.105: 886b740176f6b9020e967b851be182b5
DEB [20170216-18:12:42.267] thr=19  paramiko.transport: Adding ssh-rsa host key for 192.168.7.105: 886b740176f6b9020e967b851be182b5
DEB [20170216-18:12:42.269] thr=20  paramiko.transport: Adding ssh-rsa host key for 192.168.7.105: 886b740176f6b9020e967b851be182b5
DEB [20170216-18:12:42.278] thr=15  paramiko.transport: Trying discovered key 966d7911e7ce6bc954c19efc8fd0284b in C:\Users\chenhui/.ssh/id_rsa
DEB [20170216-18:12:42.279] thr=21  paramiko.transport: Adding ssh-rsa host key for 192.168.7.105: 886b740176f6b9020e967b851be182b5
DEB [20170216-18:12:42.280] thr=22  paramiko.transport: Adding ssh-rsa host key for 192.168.7.105: 886b740176f6b9020e967b851be182b5
DEB [20170216-18:12:42.280] thr=16  paramiko.transport: Trying discovered key 966d7911e7ce6bc954c19efc8fd0284b in C:\Users\chenhui/.ssh/id_rsa
DEB [20170216-18:12:42.289] thr=17  paramiko.transport: Trying discovered key 966d7911e7ce6bc954c19efc8fd0284b in C:\Users\chenhui/.ssh/id_rsa
DEB [20170216-18:12:42.289] thr=18  paramiko.transport: Trying discovered key 966d7911e7ce6bc954c19efc8fd0284b in C:\Users\chenhui/.ssh/id_rsa
DEB [20170216-18:12:42.290] thr=19  paramiko.transport: Trying discovered key 966d7911e7ce6bc954c19efc8fd0284b in C:\Users\chenhui/.ssh/id_rsa
DEB [20170216-18:12:42.292] thr=11  paramiko.transport: userauth is OK
DEB [20170216-18:12:42.292] thr=12  paramiko.transport: userauth is OK
DEB [20170216-18:12:42.292] thr=20  paramiko.transport: Trying discovered key 966d7911e7ce6bc954c19efc8fd0284b in C:\Users\chenhui/.ssh/id_rsa
DEB [20170216-18:12:42.293] thr=21  paramiko.transport: Trying discovered key 966d7911e7ce6bc954c19efc8fd0284b in C:\Users\chenhui/.ssh/id_rsa
DEB [20170216-18:12:42.296] thr=22  paramiko.transport: Trying discovered key 966d7911e7ce6bc954c19efc8fd0284b in C:\Users\chenhui/.ssh/id_rsa
DEB [20170216-18:12:42.298] thr=13  paramiko.transport: userauth is OK
DEB [20170216-18:12:42.299] thr=7   paramiko.transport: userauth is OK
DEB [20170216-18:12:42.309] thr=8   paramiko.transport: userauth is OK
DEB [20170216-18:12:42.309] thr=14  paramiko.transport: userauth is OK
DEB [20170216-18:12:42.309] thr=10  paramiko.transport: userauth is OK
DEB [20170216-18:12:42.309] thr=9   paramiko.transport: userauth is OK
INF [20170216-18:12:42.329] thr=12  paramiko.transport: Authentication (publickey) failed.
INF [20170216-18:12:42.332] thr=11  paramiko.transport: Authentication (publickey) failed.
INF [20170216-18:12:42.335] thr=13  paramiko.transport: Authentication (publickey) failed.
INF [20170216-18:12:42.345] thr=7   paramiko.transport: Authentication (publickey) failed.
DEB [20170216-18:12:42.354] thr=12  paramiko.transport: userauth is OK
INF [20170216-18:12:42.354] thr=8   paramiko.transport: Authentication (publickey) failed.
DEB [20170216-18:12:42.354] thr=11  paramiko.transport: userauth is OK
INF [20170216-18:12:42.354] thr=9   paramiko.transport: Authentication (publickey) failed.
INF [20170216-18:12:42.358] thr=14  paramiko.transport: Authentication (publickey) failed.
INF [20170216-18:12:42.365] thr=10  paramiko.transport: Authentication (publickey) failed.
DEB [20170216-18:12:42.368] thr=14  paramiko.transport: userauth is OK
DEB [20170216-18:12:42.368] thr=8   paramiko.transport: userauth is OK
DEB [20170216-18:12:42.369] thr=7   paramiko.transport: userauth is OK
DEB [20170216-18:12:42.371] thr=9   paramiko.transport: userauth is OK
DEB [20170216-18:12:42.371] thr=13  paramiko.transport: userauth is OK
DEB [20170216-18:12:42.407] thr=10  paramiko.transport: userauth is OK
INF [20170216-18:12:42.582] thr=10  paramiko.transport: Authentication (password) successful!
INF [20170216-18:12:42.594] thr=9   paramiko.transport: Authentication (password) successful!
DEB [20170216-18:12:42.595] thr=21  paramiko.transport: [chan 0] Max packet in: 32768 bytes
DEB [20170216-18:12:42.622] thr=17  paramiko.transport: [chan 0] Max packet in: 32768 bytes
INF [20170216-18:12:42.641] thr=11  paramiko.transport: Authentication (password) successful!
INF [20170216-18:12:42.641] thr=13  paramiko.transport: Authentication (password) successful!
DEB [20170216-18:12:42.642] thr=15  paramiko.transport: [chan 0] Max packet in: 32768 bytes
INF [20170216-18:12:42.648] thr=12  paramiko.transport: Authentication (password) successful!
INF [20170216-18:12:42.648] thr=14  paramiko.transport: Authentication (password) successful!
DEB [20170216-18:12:42.648] thr=16  paramiko.transport: [chan 0] Max packet in: 32768 bytes
DEB [20170216-18:12:42.660] thr=18  paramiko.transport: [chan 0] Max packet in: 32768 bytes
DEB [20170216-18:12:42.660] thr=22  paramiko.transport: [chan 0] Max packet in: 32768 bytes
DEB [20170216-18:12:42.660] thr=10  paramiko.transport: [chan 0] Max packet out: 32768 bytes
DEB [20170216-18:12:42.661] thr=10  paramiko.transport: Secsh channel 0 opened.
INF [20170216-18:12:42.663] thr=8   paramiko.transport: Authentication (password) successful!
DEB [20170216-18:12:42.667] thr=19  paramiko.transport: [chan 0] Max packet in: 32768 bytes
INF [20170216-18:12:42.673] thr=7   paramiko.transport: Authentication (password) successful!
DEB [20170216-18:12:42.674] thr=20  paramiko.transport: [chan 0] Max packet in: 32768 bytes
DEB [20170216-18:12:42.694] thr=9   paramiko.transport: [chan 0] Max packet out: 32768 bytes
DEB [20170216-18:12:42.694] thr=9   paramiko.transport: Secsh channel 0 opened.
DEB [20170216-18:12:42.701] thr=10  paramiko.transport: [chan 0] Sesch channel 0 request ok
DEB [20170216-18:12:42.709] thr=11  paramiko.transport: [chan 0] Max packet out: 32768 bytes
DEB [20170216-18:12:42.709] thr=11  paramiko.transport: Secsh channel 0 opened.
DEB [20170216-18:12:42.729] thr=9   paramiko.transport: [chan 0] Sesch channel 0 request ok
DEB [20170216-18:12:42.750] thr=13  paramiko.transport: [chan 0] Max packet out: 32768 bytes
DEB [20170216-18:12:42.750] thr=13  paramiko.transport: Secsh channel 0 opened.
DEB [20170216-18:12:42.750] thr=11  paramiko.transport: [chan 0] Sesch channel 0 request ok
DEB [20170216-18:12:42.756] thr=12  paramiko.transport: [chan 0] Max packet out: 32768 bytes
DEB [20170216-18:12:42.756] thr=12  paramiko.transport: Secsh channel 0 opened.
DEB [20170216-18:12:42.759] thr=14  paramiko.transport: [chan 0] Max packet out: 32768 bytes
DEB [20170216-18:12:42.760] thr=14  paramiko.transport: Secsh channel 0 opened.
DEB [20170216-18:12:42.763] thr=13  paramiko.transport: [chan 0] Sesch channel 0 request ok
DEB [20170216-18:12:42.767] thr=14  paramiko.transport: [chan 0] Sesch channel 0 request ok
DEB [20170216-18:12:42.769] thr=12  paramiko.transport: [chan 0] Sesch channel 0 request ok
DEB [20170216-18:12:42.773] thr=8   paramiko.transport: [chan 0] Max packet out: 32768 bytes
DEB [20170216-18:12:42.773] thr=8   paramiko.transport: Secsh channel 0 opened.
DEB [20170216-18:12:42.775] thr=7   paramiko.transport: [chan 0] Max packet out: 32768 bytes
DEB [20170216-18:12:42.775] thr=7   paramiko.transport: Secsh channel 0 opened.
DEB [20170216-18:12:42.780] thr=8   paramiko.transport: [chan 0] Sesch channel 0 request ok
DEB [20170216-18:12:42.783] thr=7   paramiko.transport: [chan 0] Sesch channel 0 request ok
DEB [20170216-18:13:25.750] thr=1   paramiko.transport: [chan 0] EOF received (0)
DEB [20170216-18:13:25.750] thr=1   paramiko.transport: [chan 0] EOF sent (0)
DEB [20170216-18:13:25.851] thr=1   paramiko.transport: EOF in transport thread
DEB [20170216-18:13:53.480] thr=11  paramiko.transport: [chan 0] EOF received (0)
DEB [20170216-18:13:53.480] thr=11  paramiko.transport: [chan 0] EOF sent (0)
DEB [20170216-18:13:53.548] thr=5   paramiko.transport: [chan 0] EOF received (0)
DEB [20170216-18:13:53.548] thr=5   paramiko.transport: [chan 0] EOF sent (0)
DEB [20170216-18:13:53.579] thr=11  paramiko.transport: EOF in transport thread
DEB [20170216-18:13:53.641] thr=8   paramiko.transport: [chan 0] EOF received (0)
DEB [20170216-18:13:53.641] thr=8   paramiko.transport: [chan 0] EOF sent (0)
DEB [20170216-18:13:53.648] thr=5   paramiko.transport: EOF in transport thread
DEB [20170216-18:13:53.648] thr=9   paramiko.transport: [chan 0] EOF received (0)
DEB [20170216-18:13:53.648] thr=9   paramiko.transport: [chan 0] EOF sent (0)
DEB [20170216-18:13:53.694] thr=13  paramiko.transport: [chan 0] EOF received (0)
DEB [20170216-18:13:53.694] thr=13  paramiko.transport: [chan 0] EOF sent (0)
DEB [20170216-18:13:53.743] thr=8   paramiko.transport: EOF in transport thread
DEB [20170216-18:13:53.763] thr=9   paramiko.transport: EOF in transport thread
DEB [20170216-18:13:53.803] thr=13  paramiko.transport: EOF in transport thread
DEB [20170216-18:13:53.832] thr=14  paramiko.transport: [chan 0] EOF received (0)
DEB [20170216-18:13:53.838] thr=14  paramiko.transport: [chan 0] EOF sent (0)
DEB [20170216-18:13:53.842] thr=14  paramiko.transport: Dropping user packet because connection is dead.
DEB [20170216-18:13:53.842] thr=14  paramiko.transport: Dropping user packet because connection is dead.
DEB [20170216-18:13:54.967] thr=7   paramiko.transport: [chan 0] EOF received (0)
DEB [20170216-18:13:54.967] thr=7   paramiko.transport: [chan 0] EOF sent (0)
DEB [20170216-18:13:54.967] thr=3   paramiko.transport: [chan 0] EOF received (0)
DEB [20170216-18:13:54.969] thr=3   paramiko.transport: [chan 0] EOF sent (0)
DEB [20170216-18:13:55.026] thr=10  paramiko.transport: [chan 0] EOF received (0)
DEB [20170216-18:13:55.026] thr=10  paramiko.transport: [chan 0] EOF sent (0)
DEB [20170216-18:13:55.066] thr=7   paramiko.transport: EOF in transport thread
DEB [20170216-18:13:55.071] thr=3   paramiko.transport: EOF in transport thread
DEB [20170216-18:13:55.127] thr=10  paramiko.transport: EOF in transport thread
DEB [20170216-18:13:55.187] thr=12  paramiko.transport: [chan 0] EOF received (0)
DEB [20170216-18:13:55.187] thr=12  paramiko.transport: [chan 0] EOF sent (0)
DEB [20170216-18:13:55.289] thr=12  paramiko.transport: EOF in transport thread
DEB [20170216-18:14:59.292] thr=18  paramiko.transport: starting thread (client mode): 0x3d25550L
DEB [20170216-18:14:59.292] thr=18  paramiko.transport: Local version/idstring: SSH-2.0-paramiko_2.1.1
DEB [20170216-18:14:59.346] thr=18  paramiko.transport: Remote version/idstring: SSH-2.0-OpenSSH_6.6.1
INF [20170216-18:14:59.346] thr=18  paramiko.transport: Connected (version 2.0, client OpenSSH_6.6.1)
DEB [20170216-18:14:59.348] thr=18  paramiko.transport: kex algos:[u'curve25519-sha256@libssh.org', u'ecdh-sha2-nistp256', u'ecdh-sha2-nistp384', u'ecdh-sha2-nistp521', u'diffie-hellman-group-exchange-sha256', u'diffie-hellman-group-exchange-sha1', u'diffie-hellman-group14-sha1', u'diffie-hellman-group1-sha1'] server key:[u'ssh-rsa', u'ecdsa-sha2-nistp256', u'ssh-ed25519'] client encrypt:[u'aes128-ctr', u'aes192-ctr', u'aes256-ctr', u'arcfour256', u'arcfour128', u'aes128-gcm@openssh.com', u'aes256-gcm@openssh.com', u'chacha20-poly1305@openssh.com', u'aes128-cbc', u'3des-cbc', u'blowfish-cbc', u'cast128-cbc', u'aes192-cbc', u'aes256-cbc', u'arcfour', u'rijndael-cbc@lysator.liu.se'] server encrypt:[u'aes128-ctr', u'aes192-ctr', u'aes256-ctr', u'arcfour256', u'arcfour128', u'aes128-gcm@openssh.com', u'aes256-gcm@openssh.com', u'chacha20-poly1305@openssh.com', u'aes128-cbc', u'3des-cbc', u'blowfish-cbc', u'cast128-cbc', u'aes192-cbc', u'aes256-cbc', u'arcfour', u'rijndael-cbc@lysator.liu.se'] client mac:[u'hmac-md5-etm@openssh.com', u'hmac-sha1-etm@openssh.com', u'umac-64-etm@openssh.com', u'umac-128-etm@openssh.com', u'hmac-sha2-256-etm@openssh.com', u'hmac-sha2-512-etm@openssh.com', u'hmac-ripemd160-etm@openssh.com', u'hmac-sha1-96-etm@openssh.com', u'hmac-md5-96-etm@openssh.com', u'hmac-md5', u'hmac-sha1', u'umac-64@openssh.com', u'umac-128@openssh.com', u'hmac-sha2-256', u'hmac-sha2-512', u'hmac-ripemd160', u'hmac-ripemd160@openssh.com', u'hmac-sha1-96', u'hmac-md5-96'] server mac:[u'hmac-md5-etm@openssh.com', u'hmac-sha1-etm@openssh.com', u'umac-64-etm@openssh.com', u'umac-128-etm@openssh.com', u'hmac-sha2-256-etm@openssh.com', u'hmac-sha2-512-etm@openssh.com', u'hmac-ripemd160-etm@openssh.com', u'hmac-sha1-96-etm@openssh.com', u'hmac-md5-96-etm@openssh.com', u'hmac-md5', u'hmac-sha1', u'umac-64@openssh.com', u'umac-128@openssh.com', u'hmac-sha2-256', u'hmac-sha2-512', u'hmac-ripemd160', u'hmac-ripemd160@openssh.com', u'hmac-sha1-96', u'hmac-md5-96'] client compress:[u'none', u'zlib@openssh.com'] server compress:[u'none', u'zlib@openssh.com'] client lang:[u''] server lang:[u''] kex follows?False
DEB [20170216-18:14:59.348] thr=18  paramiko.transport: Kex agreed: diffie-hellman-group1-sha1
DEB [20170216-18:14:59.348] thr=18  paramiko.transport: Cipher agreed: aes128-ctr
DEB [20170216-18:14:59.348] thr=18  paramiko.transport: MAC agreed: hmac-sha2-256
DEB [20170216-18:14:59.348] thr=18  paramiko.transport: Compression agreed: none
DEB [20170216-18:14:59.398] thr=18  paramiko.transport: kex engine KexGroup1 specified hash_algo <built-in function openssl_sha1>
DEB [20170216-18:14:59.400] thr=18  paramiko.transport: Switch to new keys ...
DEB [20170216-18:14:59.401] thr=23  paramiko.transport: Adding ssh-rsa host key for 192.168.7.105: 886b740176f6b9020e967b851be182b5
DEB [20170216-18:14:59.401] thr=23  paramiko.transport: Trying discovered key 966d7911e7ce6bc954c19efc8fd0284b in C:\Users\chenhui/.ssh/id_rsa
DEB [20170216-18:14:59.440] thr=18  paramiko.transport: userauth is OK
INF [20170216-18:14:59.515] thr=18  paramiko.transport: Authentication (publickey) failed.
DEB [20170216-18:14:59.517] thr=18  paramiko.transport: userauth is OK
INF [20170216-18:14:59.565] thr=18  paramiko.transport: Authentication (password) successful!
DEB [20170216-18:14:59.579] thr=23  paramiko.transport: [chan 0] Max packet in: 32768 bytes
DEB [20170216-18:14:59.582] thr=18  paramiko.transport: [chan 0] Max packet out: 32768 bytes
DEB [20170216-18:14:59.582] thr=18  paramiko.transport: Secsh channel 0 opened.
DEB [20170216-18:14:59.588] thr=18  paramiko.transport: [chan 0] Sesch channel 0 request ok
DEB [20170216-18:15:15.872] thr=18  paramiko.transport: [chan 0] EOF received (0)
DEB [20170216-18:15:15.872] thr=18  paramiko.transport: [chan 0] EOF sent (0)
DEB [20170216-18:15:15.973] thr=18  paramiko.transport: EOF in transport thread
DEB [20170216-18:17:47.607] thr=24  paramiko.transport: starting thread (client mode): 0x3ca7850L
DEB [20170216-18:17:47.608] thr=24  paramiko.transport: Local version/idstring: SSH-2.0-paramiko_2.1.1
DEB [20170216-18:17:47.627] thr=24  paramiko.transport: Remote version/idstring: SSH-2.0-OpenSSH_6.6.1
INF [20170216-18:17:47.627] thr=24  paramiko.transport: Connected (version 2.0, client OpenSSH_6.6.1)
DEB [20170216-18:17:47.628] thr=24  paramiko.transport: kex algos:[u'curve25519-sha256@libssh.org', u'ecdh-sha2-nistp256', u'ecdh-sha2-nistp384', u'ecdh-sha2-nistp521', u'diffie-hellman-group-exchange-sha256', u'diffie-hellman-group-exchange-sha1', u'diffie-hellman-group14-sha1', u'diffie-hellman-group1-sha1'] server key:[u'ssh-rsa', u'ecdsa-sha2-nistp256', u'ssh-ed25519'] client encrypt:[u'aes128-ctr', u'aes192-ctr', u'aes256-ctr', u'arcfour256', u'arcfour128', u'aes128-gcm@openssh.com', u'aes256-gcm@openssh.com', u'chacha20-poly1305@openssh.com', u'aes128-cbc', u'3des-cbc', u'blowfish-cbc', u'cast128-cbc', u'aes192-cbc', u'aes256-cbc', u'arcfour', u'rijndael-cbc@lysator.liu.se'] server encrypt:[u'aes128-ctr', u'aes192-ctr', u'aes256-ctr', u'arcfour256', u'arcfour128', u'aes128-gcm@openssh.com', u'aes256-gcm@openssh.com', u'chacha20-poly1305@openssh.com', u'aes128-cbc', u'3des-cbc', u'blowfish-cbc', u'cast128-cbc', u'aes192-cbc', u'aes256-cbc', u'arcfour', u'rijndael-cbc@lysator.liu.se'] client mac:[u'hmac-md5-etm@openssh.com', u'hmac-sha1-etm@openssh.com', u'umac-64-etm@openssh.com', u'umac-128-etm@openssh.com', u'hmac-sha2-256-etm@openssh.com', u'hmac-sha2-512-etm@openssh.com', u'hmac-ripemd160-etm@openssh.com', u'hmac-sha1-96-etm@openssh.com', u'hmac-md5-96-etm@openssh.com', u'hmac-md5', u'hmac-sha1', u'umac-64@openssh.com', u'umac-128@openssh.com', u'hmac-sha2-256', u'hmac-sha2-512', u'hmac-ripemd160', u'hmac-ripemd160@openssh.com', u'hmac-sha1-96', u'hmac-md5-96'] server mac:[u'hmac-md5-etm@openssh.com', u'hmac-sha1-etm@openssh.com', u'umac-64-etm@openssh.com', u'umac-128-etm@openssh.com', u'hmac-sha2-256-etm@openssh.com', u'hmac-sha2-512-etm@openssh.com', u'hmac-ripemd160-etm@openssh.com', u'hmac-sha1-96-etm@openssh.com', u'hmac-md5-96-etm@openssh.com', u'hmac-md5', u'hmac-sha1', u'umac-64@openssh.com', u'umac-128@openssh.com', u'hmac-sha2-256', u'hmac-sha2-512', u'hmac-ripemd160', u'hmac-ripemd160@openssh.com', u'hmac-sha1-96', u'hmac-md5-96'] client compress:[u'none', u'zlib@openssh.com'] server compress:[u'none', u'zlib@openssh.com'] client lang:[u''] server lang:[u''] kex follows?False
DEB [20170216-18:17:47.628] thr=24  paramiko.transport: Kex agreed: diffie-hellman-group1-sha1
DEB [20170216-18:17:47.630] thr=24  paramiko.transport: Cipher agreed: aes128-ctr
DEB [20170216-18:17:47.630] thr=24  paramiko.transport: MAC agreed: hmac-sha2-256
DEB [20170216-18:17:47.630] thr=24  paramiko.transport: Compression agreed: none
DEB [20170216-18:17:47.700] thr=24  paramiko.transport: kex engine KexGroup1 specified hash_algo <built-in function openssl_sha1>
DEB [20170216-18:17:47.700] thr=24  paramiko.transport: Switch to new keys ...
DEB [20170216-18:17:47.707] thr=25  paramiko.transport: Adding ssh-rsa host key for 192.168.7.105: 886b740176f6b9020e967b851be182b5
DEB [20170216-18:17:47.707] thr=25  paramiko.transport: Trying discovered key 966d7911e7ce6bc954c19efc8fd0284b in C:\Users\chenhui/.ssh/id_rsa
DEB [20170216-18:17:47.742] thr=24  paramiko.transport: userauth is OK
INF [20170216-18:17:47.759] thr=24  paramiko.transport: Authentication (publickey) failed.
DEB [20170216-18:17:47.772] thr=24  paramiko.transport: userauth is OK
INF [20170216-18:17:47.822] thr=24  paramiko.transport: Authentication (password) successful!
DEB [20170216-18:17:47.834] thr=25  paramiko.transport: [chan 0] Max packet in: 32768 bytes
DEB [20170216-18:17:47.838] thr=24  paramiko.transport: [chan 0] Max packet out: 32768 bytes
DEB [20170216-18:17:47.838] thr=24  paramiko.transport: Secsh channel 0 opened.
DEB [20170216-18:17:47.845] thr=24  paramiko.transport: [chan 0] Sesch channel 0 request ok
DEB [20170216-18:17:57.604] thr=24  paramiko.transport: [chan 0] EOF received (0)
DEB [20170216-18:17:57.605] thr=24  paramiko.transport: [chan 0] EOF sent (0)
DEB [20170216-18:17:57.704] thr=24  paramiko.transport: EOF in transport thread
