2017-02-09 16:32:08,213 - views.py:- start to install access
2017-02-09 16:33:15,263 - views.py:- start to download access1 config file
2017-02-09 16:33:15,835 - views.py:- start to modify access1 config file
2017-02-09 16:33:15,881 - views.py:- start to upload access1 config file
2017-02-09 16:33:16,127 - views.py:- start to download access2 config file
2017-02-09 16:33:16,390 - views.py:- start to modify access2 config file
2017-02-09 16:33:16,391 - views.py:- start to upload access2 config file
2017-02-09 16:33:16,638 - views.py:- start to download av1 config file
2017-02-09 16:33:17,411 - views.py:- start to modify av1 config file
2017-02-09 16:33:17,414 - views.py:- start to upload av1 config file
2017-02-09 16:33:17,648 - views.py:- start to download av2 config file
2017-02-09 16:33:17,963 - views.py:- start to modify av2 config file
2017-02-09 16:33:17,964 - views.py:- start to upload av2 config file
2017-02-09 16:33:18,206 - views.py:- start to download av3 config file
2017-02-09 16:33:18,533 - views.py:- start to modify av3 config file
2017-02-09 16:33:18,536 - views.py:- start to upload av3 config file
2017-02-09 16:33:19,131 - views.py:- start to download av4 config file
2017-02-09 16:33:19,375 - views.py:- start to modify av4 config file
2017-02-09 16:33:19,377 - views.py:- start to upload av4 config file
2017-02-09 16:33:19,618 - views.py:- start to download av5 config file
2017-02-09 16:33:19,855 - views.py:- start to modify av5 config file
2017-02-09 16:33:19,857 - views.py:- start to upload av5 config file
2017-02-09 16:33:20,434 - views.py:- start to download vnc1 config file
2017-02-09 16:33:20,681 - views.py:- start to modify vnc1 config file
2017-02-09 16:33:20,683 - views.py:- start to upload vnc1 config file
2017-02-09 16:33:20,946 - views.py:- start to download vnc2 config file
2017-02-09 16:33:21,183 - views.py:- start to modify vnc2 config file
2017-02-09 16:33:21,184 - views.py:- start to upload vnc2 config file
2017-02-09 16:33:21,421 - views.py:- start to download vnc3 config file
2017-02-09 16:33:21,664 - views.py:- start to modify vnc3 config file
2017-02-09 16:33:21,665 - views.py:- start to upload vnc3 config file
2017-02-09 16:33:21,956 - views.py:- start to download vnc4 config file
2017-02-09 16:33:22,200 - views.py:- start to modify vnc4 config file
2017-02-09 16:33:22,201 - views.py:- start to upload vnc4 config file
2017-02-09 16:33:23,065 - views.py:- start to download vnc5 config file
2017-02-09 16:33:23,301 - views.py:- start to modify vnc5 config file
2017-02-09 16:33:23,302 - views.py:- start to upload vnc5 config file
2017-02-09 16:33:23,874 - views.py:- start to download white board1 config file
2017-02-09 16:33:24,448 - views.py:- start to modify whiteboard1 config file
2017-02-09 16:33:24,450 - views.py:- start to upload whiteboard1 config file
2017-02-09 16:33:24,691 - views.py:- start to download white board2 config file
2017-02-09 16:33:25,269 - views.py:- start to modify whiteboard config file
2017-02-09 16:33:25,272 - views.py:- start to upload whiteboard2 config file
2017-02-09 16:33:25,507 - views.py:- start to download white board3 config file
2017-02-09 16:33:26,046 - views.py:- start to modify whiteboard3 config file
2017-02-09 16:33:26,046 - views.py:- start to upload whiteboard3 config file
2017-02-09 16:33:26,641 - views.py:- start to download white board4 config file
2017-02-09 16:33:27,194 - views.py:- start to modify whiteboard4 config file
2017-02-09 16:33:27,196 - views.py:- start to upload whiteboard4 config file
2017-02-09 16:33:27,448 - views.py:- start to download white board5 config file
2017-02-09 16:33:27,711 - views.py:- start to modify whiteboard5 config file
2017-02-09 16:33:27,714 - views.py:- start to upload whiteboard5 config file
2017-02-09 16:33:27,954 - views.py:- start to download ice_master config file
2017-02-09 16:33:29,282 - views.py:- start to modify ice_master config file
2017-02-09 16:33:29,289 - views.py:- start to upload ice_master config file
2017-02-09 16:33:33,030 - views.py:- start to download ice_replica config file
2017-02-09 16:33:34,086 - views.py:- start to modify ice_replica config file
2017-02-09 16:33:34,089 - views.py:- start to upload ice_replica config file
2017-02-09 16:33:34,823 - views.py:- start to download manager config file
2017-02-09 16:33:35,069 - views.py:- start to modify manager config file
2017-02-09 16:33:35,071 - views.py:- start to upload manager config file
2017-02-09 16:33:38,302 - views.py:- start to modify nginx config file
2017-02-09 16:33:38,303 - views.py:- start access service
2017-02-09 16:33:38,575 - views.py:- start av service
2017-02-09 16:33:41,066 - views.py:- start ice_master service
2017-02-09 16:33:43,354 - views.py:- start ice_replica service
2017-02-09 16:33:45,568 - views.py:- start manager service
2017-02-09 16:33:45,917 - views.py:- start nginx service
2017-02-09 16:33:46,305 - views.py:- start vnc service
2017-02-09 16:33:47,351 - views.py:- start whiteboard service
