2017-02-04 15:42:05,924 - views.py:- start to install access
2017-02-04 15:42:05,926 - views.py:- start to download access config file
2017-02-04 15:42:06,266 - views.py:- start to download av config file
2017-02-04 15:42:06,540 - views.py:- start to download ice_master config file
2017-02-04 15:42:07,381 - views.py:- start to download ice_replica config file
2017-02-04 15:42:08,181 - views.py:- start to download manager config file
2017-02-04 15:42:08,456 - views.py:- start to download vnc config file
2017-02-04 15:42:08,733 - views.py:- start to download white board config file
2017-02-04 15:42:09,009 - views.py:- start to modify access config file
2017-02-04 15:42:09,012 - views.py:- start to modify av config file
2017-02-04 15:42:09,013 - views.py:- start to modify ice_master config file
2017-02-04 15:42:09,016 - views.py:- start to modify ice_replica config file
2017-02-04 15:42:09,019 - views.py:- start to modify manager config file
2017-02-04 15:42:09,019 - views.py:- start to modify nginx config file
2017-02-04 15:42:09,020 - views.py:- start to modify vnc config file
2017-02-04 15:42:09,023 - views.py:- start to modify whiteboard config file
2017-02-04 15:42:09,023 - views.py:- start to upload access config file
2017-02-04 15:42:09,301 - views.py:- start to upload av config file
2017-02-04 15:42:09,670 - views.py:- start to upload ice_master config file
2017-02-04 15:42:10,500 - views.py:- start to upload ice_replica config file
2017-02-04 15:42:11,319 - views.py:- start to upload manager config file
2017-02-04 15:42:11,591 - views.py:- start to upload vnc config file
2017-02-04 15:42:11,861 - views.py:- start to upload whiteboard config file
2017-02-04 15:42:12,137 - views.py:- start access service
2017-02-04 15:42:12,424 - views.py:- start av service
2017-02-04 15:42:13,457 - views.py:- start ice_master service
2017-02-04 15:42:14,026 - views.py:- start ice_replica service
2017-02-04 15:42:15,661 - views.py:- start manager service
2017-02-04 15:42:15,953 - views.py:- start nginx service
2017-02-04 15:42:16,280 - views.py:- start vnc service
2017-02-04 15:42:17,243 - views.py:- start whiteboard service
