2017-02-04 15:12:56,279 - views.py:- start to install access
2017-02-04 15:12:56,279 - views.py:- start to download access config file
2017-02-04 15:12:57,078 - views.py:- start to download av config file
2017-02-04 15:12:57,355 - views.py:- start to download ice_master config file
2017-02-04 15:12:58,213 - views.py:- start to download ice_replica config file
2017-02-04 15:12:58,983 - views.py:- start to download manager config file
2017-02-04 15:12:59,246 - views.py:- start to download vnc config file
2017-02-04 15:12:59,551 - views.py:- start to download white board config file
2017-02-04 15:12:59,819 - views.py:- start to modify access config file
2017-02-04 15:12:59,868 - views.py:- start to modify av config file
2017-02-04 15:12:59,868 - views.py:- start to modify ice_master config file
2017-02-04 15:12:59,871 - views.py:- start to modify ice_replica config file
2017-02-04 15:12:59,875 - views.py:- start to modify manager config file
2017-02-04 15:12:59,877 - views.py:- start to modify nginx config file
2017-02-04 15:12:59,878 - views.py:- start to modify vnc config file
2017-02-04 15:12:59,878 - views.py:- start to modify whiteboard config file
2017-02-04 15:12:59,881 - views.py:- start to upload access config file
2017-02-04 15:13:00,122 - views.py:- start to upload av config file
2017-02-04 15:13:00,361 - views.py:- start to upload ice_master config file
2017-02-04 15:13:01,135 - views.py:- start to upload ice_replica config file
2017-02-04 15:13:01,947 - views.py:- start to upload manager config file
2017-02-04 15:13:02,233 - views.py:- start to upload vnc config file
2017-02-04 15:13:02,520 - views.py:- start to upload whiteboard config file
2017-02-04 15:13:02,805 - views.py:- start access service
2017-02-04 15:13:03,325 - views.py:- start av service
