2017-02-04 15:55:55,911 - views.py:- start to install access
2017-02-04 15:55:55,911 - views.py:- start to download access config file
2017-02-04 15:55:56,289 - views.py:- start to download av config file
2017-02-04 15:55:56,566 - views.py:- start to download ice_master config file
2017-02-04 15:55:57,394 - views.py:- start to download ice_replica config file
2017-02-04 15:55:58,217 - views.py:- start to download manager config file
2017-02-04 15:55:58,492 - views.py:- start to download vnc config file
2017-02-04 15:55:58,767 - views.py:- start to download white board config file
2017-02-04 15:55:59,045 - views.py:- start to modify access config file
2017-02-04 15:55:59,048 - views.py:- start to modify av config file
2017-02-04 15:55:59,049 - views.py:- start to modify ice_master config file
2017-02-04 15:55:59,052 - views.py:- start to modify ice_replica config file
2017-02-04 15:55:59,055 - views.py:- start to modify manager config file
2017-02-04 15:55:59,058 - views.py:- start to modify nginx config file
2017-02-04 15:55:59,059 - views.py:- start to modify vnc config file
2017-02-04 15:55:59,059 - views.py:- start to modify whiteboard config file
2017-02-04 15:55:59,061 - views.py:- start to upload access config file
2017-02-04 15:55:59,335 - views.py:- start to upload av config file
2017-02-04 15:55:59,607 - views.py:- start to upload ice_master config file
2017-02-04 15:56:00,427 - views.py:- start to upload ice_replica config file
2017-02-04 15:56:01,246 - views.py:- start to upload manager config file
2017-02-04 15:56:01,520 - views.py:- start to upload vnc config file
2017-02-04 15:56:01,799 - views.py:- start to upload whiteboard config file
2017-02-04 15:56:02,073 - views.py:- start access service
2017-02-04 15:56:02,362 - views.py:- start av service
2017-02-04 15:56:03,345 - views.py:- start ice_master service
2017-02-04 15:56:03,911 - views.py:- start ice_replica service
2017-02-04 15:56:05,464 - views.py:- start manager service
2017-02-04 15:56:05,877 - views.py:- start nginx service
2017-02-04 15:56:06,184 - views.py:- start vnc service
2017-02-04 15:56:07,184 - views.py:- start whiteboard service
