2017-02-04 16:35:42,401 - views.py:- start to install access
2017-02-04 16:35:42,401 - views.py:- start to download access config file
2017-02-04 16:35:42,694 - views.py:- start to download av config file
2017-02-04 16:35:42,970 - views.py:- start to download ice_master config file
2017-02-04 16:35:43,801 - views.py:- start to download ice_replica config file
2017-02-04 16:35:44,630 - views.py:- start to download manager config file
2017-02-04 16:35:44,908 - views.py:- start to download vnc config file
2017-02-04 16:35:45,187 - views.py:- start to download white board config file
2017-02-04 16:35:45,463 - views.py:- start to modify access config file
2017-02-04 16:35:45,464 - views.py:- start to modify av config file
2017-02-04 16:35:45,467 - views.py:- start to modify ice_master config file
2017-02-04 16:35:45,469 - views.py:- start to modify ice_replica config file
2017-02-04 16:35:45,471 - views.py:- start to modify manager config file
2017-02-04 16:35:45,473 - views.py:- start to modify nginx config file
2017-02-04 16:35:45,474 - views.py:- start to modify vnc config file
2017-02-04 16:35:45,476 - views.py:- start to modify whiteboard config file
2017-02-04 16:35:45,476 - views.py:- start to upload access config file
2017-02-04 16:35:45,753 - views.py:- start to upload av config file
2017-02-04 16:35:46,028 - views.py:- start to upload ice_master config file
2017-02-04 16:35:46,855 - views.py:- start to upload ice_replica config file
2017-02-04 16:35:47,677 - views.py:- start to upload manager config file
2017-02-04 16:35:47,987 - views.py:- start to upload vnc config file
2017-02-04 16:35:48,263 - views.py:- start to upload whiteboard config file
2017-02-04 16:35:48,538 - views.py:- start access service
2017-02-04 16:35:48,828 - views.py:- start av service
2017-02-04 16:35:50,088 - views.py:- start ice_master service
2017-02-04 16:35:50,664 - views.py:- start ice_replica service
2017-02-04 16:35:52,079 - views.py:- start manager service
2017-02-04 16:35:52,385 - views.py:- start nginx service
2017-02-04 16:35:52,743 - views.py:- start vnc service
2017-02-04 16:35:53,721 - views.py:- start whiteboard service
