2017-02-04 15:52:29,780 - views.py:- start to install access
2017-02-04 15:52:29,780 - views.py:- start to download access config file
2017-02-04 15:52:30,135 - views.py:- start to download av config file
2017-02-04 15:52:30,407 - views.py:- start to download ice_master config file
2017-02-04 15:52:31,229 - views.py:- start to download ice_replica config file
2017-02-04 15:52:32,513 - views.py:- start to download manager config file
2017-02-04 15:52:32,788 - views.py:- start to download vnc config file
2017-02-04 15:52:33,062 - views.py:- start to download white board config file
2017-02-04 15:52:33,335 - views.py:- start to modify access config file
2017-02-04 15:52:33,336 - views.py:- start to modify av config file
2017-02-04 15:52:33,338 - views.py:- start to modify ice_master config file
2017-02-04 15:52:33,341 - views.py:- start to modify ice_replica config file
2017-02-04 15:52:33,344 - views.py:- start to modify manager config file
2017-02-04 15:52:33,345 - views.py:- start to modify nginx config file
2017-02-04 15:52:33,345 - views.py:- start to modify vnc config file
2017-02-04 15:52:33,346 - views.py:- start to modify whiteboard config file
2017-02-04 15:52:33,348 - views.py:- start to upload access config file
2017-02-04 15:52:33,619 - views.py:- start to upload av config file
2017-02-04 15:52:33,891 - views.py:- start to upload ice_master config file
2017-02-04 15:52:34,710 - views.py:- start to upload ice_replica config file
2017-02-04 15:52:35,641 - views.py:- start to upload manager config file
2017-02-04 15:52:35,914 - views.py:- start to upload vnc config file
2017-02-04 15:52:36,186 - views.py:- start to upload whiteboard config file
2017-02-04 15:52:36,461 - views.py:- start access service
2017-02-04 15:52:36,749 - views.py:- start av service
2017-02-04 15:52:37,671 - views.py:- start ice_master service
2017-02-04 15:52:38,257 - views.py:- start ice_replica service
2017-02-04 15:52:39,815 - views.py:- start manager service
2017-02-04 15:52:40,108 - views.py:- start nginx service
2017-02-04 15:52:40,431 - views.py:- start vnc service
2017-02-04 15:52:41,394 - views.py:- start whiteboard service
