2017-02-04 15:44:16,019 - views.py:- start to install access
2017-02-04 15:44:16,019 - views.py:- start to download access config file
2017-02-04 15:44:16,335 - views.py:- start to download av config file
2017-02-04 15:44:16,611 - views.py:- start to download ice_master config file
2017-02-04 15:44:17,430 - views.py:- start to download ice_replica config file
2017-02-04 15:44:18,256 - views.py:- start to download manager config file
2017-02-04 15:44:18,529 - views.py:- start to download vnc config file
2017-02-04 15:44:18,803 - views.py:- start to download white board config file
2017-02-04 15:44:19,078 - views.py:- start to modify access config file
2017-02-04 15:44:19,079 - views.py:- start to modify av config file
2017-02-04 15:44:19,081 - views.py:- start to modify ice_master config file
2017-02-04 15:44:19,084 - views.py:- start to modify ice_replica config file
2017-02-04 15:44:19,086 - views.py:- start to modify manager config file
2017-02-04 15:44:19,088 - views.py:- start to modify nginx config file
2017-02-04 15:44:19,088 - views.py:- start to modify vnc config file
2017-02-04 15:44:19,089 - views.py:- start to modify whiteboard config file
2017-02-04 15:44:19,092 - views.py:- start to upload access config file
2017-02-04 15:44:19,365 - views.py:- start to upload av config file
2017-02-04 15:44:19,641 - views.py:- start to upload ice_master config file
2017-02-04 15:44:20,450 - views.py:- start to upload ice_replica config file
2017-02-04 15:44:21,269 - views.py:- start to upload manager config file
2017-02-04 15:44:21,542 - views.py:- start to upload vnc config file
2017-02-04 15:44:21,813 - views.py:- start to upload whiteboard config file
2017-02-04 15:44:22,085 - views.py:- start access service
2017-02-04 15:44:22,371 - views.py:- start av service
2017-02-04 15:44:23,259 - views.py:- start ice_master service
2017-02-04 15:44:23,848 - views.py:- start ice_replica service
2017-02-04 15:44:25,285 - views.py:- start manager service
2017-02-04 15:44:25,589 - views.py:- start nginx service
2017-02-04 15:44:25,923 - views.py:- start vnc service
2017-02-04 15:44:26,907 - views.py:- start whiteboard service
