2017-02-04 16:59:29,233 - views.py:- start to install access
2017-02-04 16:59:29,233 - views.py:- start to download access config file
2017-02-04 16:59:29,510 - views.py:- start to download av config file
2017-02-04 16:59:29,789 - views.py:- start to download ice_master config file
2017-02-04 16:59:30,621 - views.py:- start to download ice_replica config file
2017-02-04 16:59:31,459 - views.py:- start to download manager config file
2017-02-04 16:59:31,734 - views.py:- start to download vnc config file
2017-02-04 16:59:32,009 - views.py:- start to download white board config file
2017-02-04 16:59:32,286 - views.py:- start to modify access config file
2017-02-04 16:59:32,289 - views.py:- start to modify av config file
2017-02-04 16:59:32,290 - views.py:- start to modify ice_master config file
2017-02-04 16:59:32,293 - views.py:- start to modify ice_replica config file
2017-02-04 16:59:32,298 - views.py:- start to modify manager config file
2017-02-04 16:59:32,299 - views.py:- start to modify nginx config file
2017-02-04 16:59:32,301 - views.py:- start to modify vnc config file
2017-02-04 16:59:32,302 - views.py:- start to modify whiteboard config file
2017-02-04 16:59:32,302 - views.py:- start to upload access config file
2017-02-04 16:59:32,578 - views.py:- start to upload av config file
2017-02-04 16:59:32,852 - views.py:- start to upload ice_master config file
2017-02-04 16:59:33,677 - views.py:- start to upload ice_replica config file
2017-02-04 16:59:34,503 - views.py:- start to upload manager config file
2017-02-04 16:59:34,779 - views.py:- start to upload vnc config file
2017-02-04 16:59:35,056 - views.py:- start to upload whiteboard config file
2017-02-04 16:59:35,332 - views.py:- start access service
2017-02-04 16:59:35,618 - views.py:- start av service
2017-02-04 16:59:36,680 - views.py:- start ice_master service
2017-02-04 16:59:37,244 - views.py:- start ice_replica service
2017-02-04 16:59:38,786 - views.py:- start manager service
2017-02-04 16:59:39,095 - views.py:- start nginx service
2017-02-04 16:59:39,417 - views.py:- start vnc service
2017-02-04 16:59:40,440 - views.py:- start whiteboard service
