2017-02-07 14:27:26,154 - views.py:- start to install access
2017-02-07 14:28:41,690 - views.py:- start to download access1 config file
2017-02-07 14:28:41,927 - views.py:- start to modify access1 config file
2017-02-07 14:28:41,927 - views.py:- start to upload access1 config file
2017-02-07 14:28:42,164 - views.py:- start to download access2 config file
2017-02-07 14:28:42,401 - views.py:- start to modify access2 config file
2017-02-07 14:28:42,403 - views.py:- start to upload access2 config file
2017-02-07 14:28:42,638 - views.py:- start to download av1 config file
2017-02-07 14:28:43,744 - views.py:- start to modify av1 config file
2017-02-07 14:28:43,746 - views.py:- start to upload av1 config file
2017-02-07 14:28:43,971 - views.py:- start to download av2 config file
2017-02-07 14:28:44,246 - views.py:- start to modify av2 config file
2017-02-07 14:28:44,249 - views.py:- start to upload av2 config file
2017-02-07 14:28:44,494 - views.py:- start to download av3 config file
2017-02-07 14:28:44,736 - views.py:- start to modify av3 config file
2017-02-07 14:28:44,739 - views.py:- start to upload av3 config file
2017-02-07 14:28:45,009 - views.py:- start to download av4 config file
2017-02-07 14:28:48,246 - views.py:- start to modify av4 config file
2017-02-07 14:28:48,249 - views.py:- start to upload av4 config file
2017-02-07 14:28:48,486 - views.py:- start to download av5 config file
2017-02-07 14:28:49,025 - views.py:- start to modify av5 config file
2017-02-07 14:28:49,026 - views.py:- start to upload av5 config file
2017-02-07 14:28:49,230 - views.py:- start to download vnc1 config file
2017-02-07 14:28:49,480 - views.py:- start to modify vnc1 config file
2017-02-07 14:28:49,483 - views.py:- start to upload vnc1 config file
2017-02-07 14:28:50,029 - views.py:- start to download vnc2 config file
2017-02-07 14:28:50,578 - views.py:- start to modify vnc2 config file
2017-02-07 14:28:50,578 - views.py:- start to upload vnc2 config file
2017-02-07 14:28:50,838 - views.py:- start to download vnc3 config file
2017-02-07 14:28:51,081 - views.py:- start to modify vnc3 config file
2017-02-07 14:28:51,082 - views.py:- start to upload vnc3 config file
2017-02-07 14:28:51,322 - views.py:- start to download vnc4 config file
2017-02-07 14:28:51,861 - views.py:- start to modify vnc4 config file
2017-02-07 14:28:51,862 - views.py:- start to upload vnc4 config file
2017-02-07 14:28:52,085 - views.py:- start to download vnc5 config file
2017-02-07 14:28:52,325 - views.py:- start to modify vnc5 config file
2017-02-07 14:28:52,328 - views.py:- start to upload vnc5 config file
2017-02-07 14:28:52,565 - views.py:- start to download white board1 config file
2017-02-07 14:28:52,816 - views.py:- start to modify whiteboard1 config file
2017-02-07 14:28:52,819 - views.py:- start to upload whiteboard1 config file
2017-02-07 14:28:53,042 - views.py:- start to download white board2 config file
2017-02-07 14:28:53,290 - views.py:- start to modify whiteboard config file
2017-02-07 14:28:53,292 - views.py:- start to upload whiteboard2 config file
2017-02-07 14:28:53,546 - views.py:- start to download white board3 config file
2017-02-07 14:28:53,862 - views.py:- start to modify whiteboard3 config file
2017-02-07 14:28:53,865 - views.py:- start to upload whiteboard3 config file
2017-02-07 14:28:54,099 - views.py:- start to download white board4 config file
2017-02-07 14:28:54,355 - views.py:- start to modify whiteboard4 config file
2017-02-07 14:28:54,355 - views.py:- start to upload whiteboard4 config file
2017-02-07 14:28:54,592 - views.py:- start to download white board5 config file
2017-02-07 14:28:54,832 - views.py:- start to modify whiteboard5 config file
2017-02-07 14:28:54,834 - views.py:- start to upload whiteboard5 config file
2017-02-07 14:28:55,069 - views.py:- start to download ice_master config file
2017-02-07 14:28:55,813 - views.py:- start to modify ice_master config file
2017-02-07 14:28:55,816 - views.py:- start to upload ice_master config file
2017-02-07 14:28:56,538 - views.py:- start to download ice_replica config file
2017-02-07 14:28:57,265 - views.py:- start to modify ice_replica config file
2017-02-07 14:28:57,267 - views.py:- start to upload ice_replica config file
2017-02-07 14:28:57,970 - views.py:- start to download manager config file
2017-02-07 14:28:58,210 - views.py:- start to modify manager config file
2017-02-07 14:28:58,213 - views.py:- start to upload manager config file
2017-02-07 14:28:58,437 - views.py:- start to modify nginx config file
2017-02-07 14:28:58,438 - views.py:- start access service
2017-02-07 14:28:58,963 - views.py:- start av service
2017-02-07 14:29:00,361 - views.py:- start ice_master service
2017-02-07 14:29:01,882 - views.py:- start ice_replica service
2017-02-07 14:29:03,552 - views.py:- start manager service
2017-02-07 14:29:03,966 - views.py:- start nginx service
2017-02-07 14:29:04,344 - views.py:- start vnc service
2017-02-07 14:29:05,322 - views.py:- start whiteboard service
