2017-02-04 17:17:10,095 - views.py:- start to install access
2017-02-04 17:17:10,095 - views.py:- start to download access config file
2017-02-04 17:17:10,377 - views.py:- start to download av config file
2017-02-04 17:17:10,707 - views.py:- start to download ice_master config file
2017-02-04 17:17:11,542 - views.py:- start to download ice_replica config file
2017-02-04 17:17:12,388 - views.py:- start to download manager config file
2017-02-04 17:17:12,663 - views.py:- start to download vnc config file
2017-02-04 17:17:12,941 - views.py:- start to download white board config file
2017-02-04 17:17:13,221 - views.py:- start to modify access config file
2017-02-04 17:17:13,223 - views.py:- start to modify av config file
2017-02-04 17:17:13,224 - views.py:- start to modify ice_master config file
2017-02-04 17:17:13,229 - views.py:- start to modify ice_replica config file
2017-02-04 17:17:13,233 - views.py:- start to modify manager config file
2017-02-04 17:17:13,236 - views.py:- start to modify nginx config file
2017-02-04 17:17:13,237 - views.py:- start to modify vnc config file
2017-02-04 17:17:13,240 - views.py:- start to modify whiteboard config file
2017-02-04 17:17:13,242 - views.py:- start to upload access config file
2017-02-04 17:17:13,520 - views.py:- start to upload av config file
2017-02-04 17:17:13,799 - views.py:- start to upload ice_master config file
2017-02-04 17:17:14,628 - views.py:- start to upload ice_replica config file
2017-02-04 17:17:15,453 - views.py:- start to upload manager config file
2017-02-04 17:17:15,726 - views.py:- start to upload vnc config file
2017-02-04 17:17:16,002 - views.py:- start to upload whiteboard config file
2017-02-04 17:17:16,279 - views.py:- start access service
2017-02-04 17:17:16,566 - views.py:- start av service
2017-02-04 17:17:17,556 - views.py:- start ice_master service
2017-02-04 17:17:18,237 - views.py:- start ice_replica service
2017-02-04 17:17:19,759 - views.py:- start manager service
2017-02-04 17:17:20,065 - views.py:- start nginx service
2017-02-04 17:17:20,401 - views.py:- start vnc service
2017-02-04 17:17:21,365 - views.py:- start whiteboard service
