2017-02-07 11:30:19,612 - views.py:- start to install access
2017-02-07 11:31:33,421 - views.py:- start to download access config file
2017-02-07 11:31:33,641 - views.py:- start to modify access config file
2017-02-07 11:31:33,648 - views.py:- start to upload access config file
2017-02-07 11:31:33,891 - views.py:- start to download av config file
2017-02-07 11:31:36,457 - views.py:- start to download ice_master config file
2017-02-07 11:31:37,148 - views.py:- start to download ice_replica config file
2017-02-07 11:31:37,845 - views.py:- start to download manager config file
2017-02-07 11:31:38,098 - views.py:- start to download vnc config file
2017-02-07 11:31:38,354 - views.py:- start to download white board config file
2017-02-07 11:31:38,586 - views.py:- start to modify av config file
2017-02-07 11:31:38,592 - views.py:- start to modify ice_master config file
2017-02-07 11:31:38,611 - views.py:- start to modify ice_replica config file
2017-02-07 11:31:38,635 - views.py:- start to modify manager config file
2017-02-07 11:31:38,641 - views.py:- start to modify nginx config file
2017-02-07 11:31:38,651 - views.py:- start to modify vnc config file
2017-02-07 11:31:38,657 - views.py:- start to modify whiteboard config file
2017-02-07 11:31:38,664 - views.py:- start to upload av config file
2017-02-07 11:31:38,907 - views.py:- start to upload ice_master config file
2017-02-07 11:31:39,605 - views.py:- start to upload ice_replica config file
2017-02-07 11:31:40,328 - views.py:- start to upload manager config file
2017-02-07 11:31:40,559 - views.py:- start to upload vnc config file
2017-02-07 11:31:40,798 - views.py:- start to upload whiteboard config file
2017-02-07 11:31:41,039 - views.py:- start access service
2017-02-07 11:31:41,312 - views.py:- start av service
2017-02-07 11:31:42,454 - views.py:- start ice_master service
2017-02-07 11:31:43,582 - views.py:- start ice_replica service
2017-02-07 11:31:45,430 - views.py:- start manager service
2017-02-07 11:31:45,970 - views.py:- start nginx service
2017-02-07 11:31:46,201 - views.py:- start vnc service
2017-02-07 11:31:47,078 - views.py:- start whiteboard service
