2017-02-04 15:47:52,558 - views.py:- start to install access
2017-02-04 15:47:52,558 - views.py:- start to download access config file
2017-02-04 15:47:52,865 - views.py:- start to download av config file
2017-02-04 15:47:53,142 - views.py:- start to download ice_master config file
2017-02-04 15:47:53,973 - views.py:- start to download ice_replica config file
2017-02-04 15:47:54,803 - views.py:- start to download manager config file
2017-02-04 15:47:55,078 - views.py:- start to download vnc config file
2017-02-04 15:47:55,354 - views.py:- start to download white board config file
2017-02-04 15:47:55,628 - views.py:- start to modify access config file
2017-02-04 15:47:55,630 - views.py:- start to modify av config file
2017-02-04 15:47:55,631 - views.py:- start to modify ice_master config file
2017-02-04 15:47:55,634 - views.py:- start to modify ice_replica config file
2017-02-04 15:47:55,637 - views.py:- start to modify manager config file
2017-02-04 15:47:55,638 - views.py:- start to modify nginx config file
2017-02-04 15:47:55,638 - views.py:- start to modify vnc config file
2017-02-04 15:47:55,640 - views.py:- start to modify whiteboard config file
2017-02-04 15:47:55,641 - views.py:- start to upload access config file
2017-02-04 15:47:55,914 - views.py:- start to upload av config file
2017-02-04 15:47:56,187 - views.py:- start to upload ice_master config file
2017-02-04 15:47:57,010 - views.py:- start to upload ice_replica config file
2017-02-04 15:47:57,832 - views.py:- start to upload manager config file
2017-02-04 15:47:58,105 - views.py:- start to upload vnc config file
2017-02-04 15:47:58,377 - views.py:- start to upload whiteboard config file
2017-02-04 15:47:58,650 - views.py:- start access service
2017-02-04 15:47:58,967 - views.py:- start av service
2017-02-04 15:47:59,859 - views.py:- start ice_master service
2017-02-04 15:48:00,437 - views.py:- start ice_replica service
2017-02-04 15:48:02,095 - views.py:- start manager service
2017-02-04 15:48:02,401 - views.py:- start nginx service
2017-02-04 15:48:02,729 - views.py:- start vnc service
2017-02-04 15:48:03,697 - views.py:- start whiteboard service
