2017-02-07 09:36:23,150 - views.py:- start to install access
2017-02-07 09:37:30,591 - views.py:- start to download access config file
2017-02-07 09:37:30,832 - views.py:- start to download av config file
2017-02-07 09:37:34,302 - views.py:- start to download ice_master config file
2017-02-07 09:37:35,308 - views.py:- start to download ice_replica config file
2017-02-07 09:37:36,016 - views.py:- start to download manager config file
2017-02-07 09:37:39,262 - views.py:- start to download vnc config file
2017-02-07 09:37:39,516 - views.py:- start to download white board config file
2017-02-07 09:37:40,065 - views.py:- start to modify access config file
2017-02-07 09:37:40,072 - views.py:- start to modify av config file
2017-02-07 09:37:40,078 - views.py:- start to modify ice_master config file
2017-02-07 09:37:40,098 - views.py:- start to modify ice_replica config file
2017-02-07 09:37:40,121 - views.py:- start to modify manager config file
2017-02-07 09:37:40,125 - views.py:- start to modify nginx config file
2017-02-07 09:37:40,134 - views.py:- start to modify vnc config file
2017-02-07 09:37:40,155 - views.py:- start to modify whiteboard config file
2017-02-07 09:37:40,161 - views.py:- start to upload access config file
2017-02-07 09:37:40,397 - views.py:- start to upload av config file
2017-02-07 09:37:40,648 - views.py:- start to upload ice_master config file
2017-02-07 09:37:41,359 - views.py:- start to upload ice_replica config file
2017-02-07 09:37:42,068 - views.py:- start to upload manager config file
2017-02-07 09:37:42,305 - views.py:- start to upload vnc config file
2017-02-07 09:37:42,548 - views.py:- start to upload whiteboard config file
2017-02-07 09:37:42,790 - views.py:- start access service
2017-02-07 09:37:43,058 - views.py:- start av service
2017-02-07 09:48:39,354 - views.py:- start ice_master service
