2017-02-04 16:41:38,757 - views.py:- start to install access
2017-02-04 16:41:38,757 - views.py:- start to download access config file
2017-02-04 16:41:39,101 - views.py:- start to download av config file
2017-02-04 16:41:39,377 - views.py:- start to download ice_master config file
2017-02-04 16:41:40,210 - views.py:- start to download ice_replica config file
2017-02-04 16:41:41,055 - views.py:- start to download manager config file
2017-02-04 16:41:41,332 - views.py:- start to download vnc config file
2017-02-04 16:41:41,612 - views.py:- start to download white board config file
2017-02-04 16:41:41,888 - views.py:- start to modify access config file
2017-02-04 16:41:41,890 - views.py:- start to modify av config file
2017-02-04 16:41:41,891 - views.py:- start to modify ice_master config file
2017-02-04 16:41:41,895 - views.py:- start to modify ice_replica config file
2017-02-04 16:41:41,900 - views.py:- start to modify manager config file
2017-02-04 16:41:41,901 - views.py:- start to modify nginx config file
2017-02-04 16:41:41,904 - views.py:- start to modify vnc config file
2017-02-04 16:41:41,905 - views.py:- start to modify whiteboard config file
2017-02-04 16:41:41,907 - views.py:- start to upload access config file
2017-02-04 16:41:42,180 - views.py:- start to upload av config file
2017-02-04 16:41:42,457 - views.py:- start to upload ice_master config file
2017-02-04 16:41:43,358 - views.py:- start to upload ice_replica config file
2017-02-04 16:41:44,184 - views.py:- start to upload manager config file
2017-02-04 16:41:44,459 - views.py:- start to upload vnc config file
2017-02-04 16:41:44,732 - views.py:- start to upload whiteboard config file
2017-02-04 16:41:45,005 - views.py:- start access service
2017-02-04 16:41:45,296 - views.py:- start av service
2017-02-04 16:41:46,309 - views.py:- start ice_master service
2017-02-04 16:41:46,990 - views.py:- start ice_replica service
2017-02-04 16:41:48,539 - views.py:- start manager service
2017-02-04 16:41:48,844 - views.py:- start nginx service
2017-02-04 16:41:49,181 - views.py:- start vnc service
2017-02-04 16:41:50,266 - views.py:- start whiteboard service
