2017-02-04 16:07:01,407 - views.py:- start to install access
2017-02-04 16:07:01,407 - views.py:- start to download access config file
2017-02-04 16:07:01,763 - views.py:- start to download av config file
2017-02-04 16:07:02,033 - views.py:- start to download ice_master config file
2017-02-04 16:07:05,290 - views.py:- start to download ice_replica config file
2017-02-04 16:07:06,115 - views.py:- start to download manager config file
2017-02-04 16:07:06,392 - views.py:- start to download vnc config file
2017-02-04 16:07:06,667 - views.py:- start to download white board config file
2017-02-04 16:07:06,944 - views.py:- start to modify access config file
2017-02-04 16:07:06,946 - views.py:- start to modify av config file
2017-02-04 16:07:06,947 - views.py:- start to modify ice_master config file
2017-02-04 16:07:06,950 - views.py:- start to modify ice_replica config file
2017-02-04 16:07:06,953 - views.py:- start to modify manager config file
2017-02-04 16:07:06,954 - views.py:- start to modify nginx config file
2017-02-04 16:07:06,957 - views.py:- start to modify vnc config file
2017-02-04 16:07:06,957 - views.py:- start to modify whiteboard config file
2017-02-04 16:07:06,959 - views.py:- start to upload access config file
2017-02-04 16:07:07,233 - views.py:- start to upload av config file
2017-02-04 16:07:07,506 - views.py:- start to upload ice_master config file
2017-02-04 16:07:08,328 - views.py:- start to upload ice_replica config file
2017-02-04 16:07:09,161 - views.py:- start to upload manager config file
2017-02-04 16:07:09,437 - views.py:- start to upload vnc config file
2017-02-04 16:07:09,710 - views.py:- start to upload whiteboard config file
2017-02-04 16:07:09,984 - views.py:- start access service
2017-02-04 16:07:10,273 - views.py:- start av service
2017-02-04 16:07:11,641 - views.py:- start ice_master service
2017-02-04 16:07:12,210 - views.py:- start ice_replica service
2017-02-04 16:07:13,723 - views.py:- start manager service
2017-02-04 16:07:14,029 - views.py:- start nginx service
2017-02-04 16:07:14,355 - views.py:- start vnc service
2017-02-04 16:07:15,351 - views.py:- start whiteboard service
