2017-02-04 15:41:01,328 - views.py:- start to install access
2017-02-04 15:41:01,328 - views.py:- start to download access config file
2017-02-04 15:41:01,605 - views.py:- start to download av config file
2017-02-04 15:41:01,880 - views.py:- start to download ice_master config file
2017-02-04 15:41:02,713 - views.py:- start to download ice_replica config file
2017-02-04 15:41:03,542 - views.py:- start to download manager config file
2017-02-04 15:41:03,825 - views.py:- start to download vnc config file
2017-02-04 15:41:04,105 - views.py:- start to download white board config file
2017-02-04 15:41:04,384 - views.py:- start to modify access config file
2017-02-04 15:41:04,387 - views.py:- start to modify av config file
2017-02-04 15:41:04,388 - views.py:- start to modify ice_master config file
2017-02-04 15:41:04,391 - views.py:- start to modify ice_replica config file
2017-02-04 15:41:04,394 - views.py:- start to modify manager config file
2017-02-04 15:41:04,394 - views.py:- start to modify nginx config file
2017-02-04 15:41:04,395 - views.py:- start to modify vnc config file
2017-02-04 15:41:04,398 - views.py:- start to modify whiteboard config file
2017-02-04 15:41:04,398 - views.py:- start to upload access config file
2017-02-04 15:41:04,671 - views.py:- start to upload av config file
2017-02-04 15:41:04,946 - views.py:- start to upload ice_master config file
2017-02-04 15:41:05,769 - views.py:- start to upload ice_replica config file
2017-02-04 15:41:06,621 - views.py:- start to upload manager config file
2017-02-04 15:41:06,914 - views.py:- start to upload vnc config file
2017-02-04 15:41:07,203 - views.py:- start to upload whiteboard config file
2017-02-04 15:41:07,493 - views.py:- start access service
2017-02-04 15:41:07,835 - views.py:- start av service
2017-02-04 15:41:09,221 - views.py:- start ice_master service
2017-02-04 15:41:09,973 - views.py:- start ice_replica service
2017-02-04 15:41:11,539 - views.py:- start manager service
2017-02-04 15:41:11,845 - views.py:- start nginx service
2017-02-04 15:41:12,286 - views.py:- start vnc service
2017-02-04 15:41:13,266 - views.py:- start whiteboard service
