2017-02-04 15:17:20,207 - views.py:- start to install access
2017-02-04 15:17:20,207 - views.py:- start to download access config file
2017-02-04 15:17:20,562 - views.py:- start to download av config file
2017-02-04 15:17:20,838 - views.py:- start to download ice_master config file
2017-02-04 15:17:21,642 - views.py:- start to download ice_replica config file
2017-02-04 15:17:22,467 - views.py:- start to download manager config file
2017-02-04 15:17:22,743 - views.py:- start to download vnc config file
2017-02-04 15:17:23,036 - views.py:- start to download white board config file
2017-02-04 15:17:23,315 - views.py:- start to modify access config file
2017-02-04 15:17:23,316 - views.py:- start to modify av config file
2017-02-04 15:17:23,319 - views.py:- start to modify ice_master config file
2017-02-04 15:17:23,322 - views.py:- start to modify ice_replica config file
2017-02-04 15:17:23,325 - views.py:- start to modify manager config file
2017-02-04 15:17:23,325 - views.py:- start to modify nginx config file
2017-02-04 15:17:23,326 - views.py:- start to modify vnc config file
2017-02-04 15:17:23,328 - views.py:- start to modify whiteboard config file
2017-02-04 15:17:23,328 - views.py:- start to upload access config file
2017-02-04 15:17:23,607 - views.py:- start to upload av config file
2017-02-04 15:17:23,881 - views.py:- start to upload ice_master config file
2017-02-04 15:17:26,012 - views.py:- start to upload ice_replica config file
2017-02-04 15:17:26,826 - views.py:- start to upload manager config file
2017-02-04 15:17:27,667 - views.py:- start to upload vnc config file
2017-02-04 15:17:27,941 - views.py:- start to upload whiteboard config file
2017-02-04 15:17:28,214 - views.py:- start access service
2017-02-04 15:17:28,625 - views.py:- start av service
2017-02-04 15:17:35,608 - views.py:- start ice_master service
2017-02-04 15:17:36,174 - views.py:- start ice_replica service
2017-02-04 15:17:37,878 - views.py:- start manager service
2017-02-04 15:17:38,200 - views.py:- start nginx service
2017-02-04 15:17:39,105 - views.py:- start vnc service
2017-02-04 15:17:40,131 - views.py:- start whiteboard service
