2017-02-04 15:20:27,798 - views.py:- start to install access
2017-02-04 15:20:27,798 - views.py:- start to download access config file
2017-02-04 15:20:28,104 - views.py:- start to download av config file
2017-02-04 15:20:28,378 - views.py:- start to download ice_master config file
2017-02-04 15:20:29,201 - views.py:- start to download ice_replica config file
2017-02-04 15:20:30,023 - views.py:- start to download manager config file
2017-02-04 15:20:30,296 - views.py:- start to download vnc config file
2017-02-04 15:20:30,569 - views.py:- start to download white board config file
2017-02-04 15:20:30,845 - views.py:- start to modify access config file
2017-02-04 15:20:30,848 - views.py:- start to modify av config file
2017-02-04 15:20:30,848 - views.py:- start to modify ice_master config file
2017-02-04 15:20:30,851 - views.py:- start to modify ice_replica config file
2017-02-04 15:20:30,855 - views.py:- start to modify manager config file
2017-02-04 15:20:30,855 - views.py:- start to modify nginx config file
2017-02-04 15:20:30,857 - views.py:- start to modify vnc config file
2017-02-04 15:20:30,858 - views.py:- start to modify whiteboard config file
2017-02-04 15:20:30,858 - views.py:- start to upload access config file
2017-02-04 15:20:31,131 - views.py:- start to upload av config file
2017-02-04 15:20:31,405 - views.py:- start to upload ice_master config file
2017-02-04 15:20:32,223 - views.py:- start to upload ice_replica config file
2017-02-04 15:20:33,043 - views.py:- start to upload manager config file
2017-02-04 15:20:33,315 - views.py:- start to upload vnc config file
2017-02-04 15:20:33,586 - views.py:- start to upload whiteboard config file
2017-02-04 15:20:33,861 - views.py:- start access service
2017-02-04 15:20:34,145 - views.py:- start av service
2017-02-04 15:20:35,230 - views.py:- start ice_master service
2017-02-04 15:20:35,826 - views.py:- start ice_replica service
2017-02-04 15:20:37,372 - views.py:- start manager service
2017-02-04 15:20:37,795 - views.py:- start nginx service
2017-02-04 15:20:38,085 - views.py:- start vnc service
2017-02-04 15:20:39,081 - views.py:- start whiteboard service
