2017-02-07 10:00:00,825 - views.py:- start to install access
2017-02-07 10:01:11,948 - views.py:- start to download access config file
2017-02-07 10:01:12,181 - views.py:- start to download av config file
2017-02-07 10:01:14,246 - views.py:- start to download ice_master config file
2017-02-07 10:01:14,973 - views.py:- start to download ice_replica config file
2017-02-07 10:01:15,707 - views.py:- start to download manager config file
2017-02-07 10:01:15,954 - views.py:- start to download vnc config file
2017-02-07 10:01:16,210 - views.py:- start to download white board config file
2017-02-07 10:01:16,457 - views.py:- start to modify access config file
2017-02-07 10:01:16,459 - views.py:- start to modify av config file
2017-02-07 10:01:16,466 - views.py:- start to modify ice_master config file
2017-02-07 10:01:16,489 - views.py:- start to modify ice_replica config file
2017-02-07 10:01:16,512 - views.py:- start to modify manager config file
2017-02-07 10:01:16,520 - views.py:- start to modify nginx config file
2017-02-07 10:01:16,529 - views.py:- start to modify vnc config file
2017-02-07 10:01:16,532 - views.py:- start to modify whiteboard config file
2017-02-07 10:01:16,539 - views.py:- start to upload access config file
2017-02-07 10:01:16,757 - views.py:- start to upload av config file
2017-02-07 10:01:16,996 - views.py:- start to upload ice_master config file
2017-02-07 10:01:17,700 - views.py:- start to upload ice_replica config file
2017-02-07 10:01:18,411 - views.py:- start to upload manager config file
2017-02-07 10:01:18,638 - views.py:- start to upload vnc config file
2017-02-07 10:01:18,878 - views.py:- start to upload whiteboard config file
2017-02-07 10:01:19,121 - views.py:- start access service
2017-02-07 10:01:19,408 - views.py:- start av service
2017-02-07 10:01:21,127 - views.py:- start ice_master service
2017-02-07 10:01:22,466 - views.py:- start ice_replica service
2017-02-07 10:01:23,970 - views.py:- start manager service
2017-02-07 10:01:24,283 - views.py:- start nginx service
2017-02-07 10:01:27,552 - views.py:- start vnc service
2017-02-07 10:01:28,697 - views.py:- start whiteboard service
