2017-02-04 17:08:05,278 - views.py:- start to install access
2017-02-04 17:08:05,278 - views.py:- start to download access config file
2017-02-04 17:08:05,558 - views.py:- start to download av config file
2017-02-04 17:08:05,835 - views.py:- start to download ice_master config file
2017-02-04 17:08:06,757 - views.py:- start to download ice_replica config file
2017-02-04 17:08:07,631 - views.py:- start to download manager config file
2017-02-04 17:08:07,944 - views.py:- start to download vnc config file
2017-02-04 17:08:08,220 - views.py:- start to download white board config file
2017-02-04 17:08:08,499 - views.py:- start to modify access config file
2017-02-04 17:08:08,500 - views.py:- start to modify av config file
2017-02-04 17:08:08,502 - views.py:- start to modify ice_master config file
2017-02-04 17:08:08,505 - views.py:- start to modify ice_replica config file
2017-02-04 17:08:08,507 - views.py:- start to modify manager config file
2017-02-04 17:08:08,509 - views.py:- start to modify nginx config file
2017-02-04 17:08:08,510 - views.py:- start to modify vnc config file
2017-02-04 17:08:08,512 - views.py:- start to modify whiteboard config file
2017-02-04 17:08:08,513 - views.py:- start to upload access config file
2017-02-04 17:08:08,788 - views.py:- start to upload av config file
2017-02-04 17:08:09,085 - views.py:- start to upload ice_master config file
2017-02-04 17:08:09,980 - views.py:- start to upload ice_replica config file
2017-02-04 17:08:10,825 - views.py:- start to upload manager config file
2017-02-04 17:08:11,134 - views.py:- start to upload vnc config file
2017-02-04 17:08:11,444 - views.py:- start to upload whiteboard config file
2017-02-04 17:08:11,719 - views.py:- start access service
2017-02-04 17:08:12,039 - views.py:- start av service
2017-02-04 17:08:13,355 - views.py:- start ice_master service
2017-02-04 17:08:13,921 - views.py:- start ice_replica service
2017-02-04 17:08:15,358 - views.py:- start manager service
2017-02-04 17:08:15,654 - views.py:- start nginx service
2017-02-04 17:08:15,980 - views.py:- start vnc service
2017-02-04 17:08:16,849 - views.py:- start whiteboard service
